 ******* Program HYDRUS
 ******* 
 Esperance                                                               
 Date:  27. 4.    Time:  11:56:12
 Units: L = cm   , T = sec  , M = mmol 

----------------------------------------------------------
 Time       [T]        0.0000
----------------------------------------------------------
 Sub-region num.                     1            2
----------------------------------------------------------
 Length   [L]        0.37470E+01  0.33499E+01  0.39711E+00
 W-volume [L]        0.13908E+01  0.12555E+01  0.13525E+00
 In-flow  [L/T]      0.00000E+00  0.00000E+00  0.00000E+00
 h Mean   [L]        0.17735E+01  0.15749E+01  0.34484E+01
 Top Flux [L/T]      0.21412E-10
 Bot Flux [L/T]      0.00000E+00
----------------------------------------------------------

----------------------------------------------------------
 Time       [T]    51979.0000
----------------------------------------------------------
 Sub-region num.                     1            2
----------------------------------------------------------
 Length   [L]        0.37470E+01  0.33499E+01  0.39711E+00
 W-volume [L]        0.69606E+00  0.56261E+00  0.13344E+00
 In-flow  [L/T]     -0.11998E-05 -0.11997E-05 -0.11084E-09
 h Mean   [L]       -0.19307E+04 -0.18089E+04 -0.29581E+04
 Top Flux [L/T]     -0.30657E-07
 Bot Flux [L/T]     -0.11998E-05
 WatBalT  [L]        0.89407E-06
 WatBalR  [%]              0.000
----------------------------------------------------------

----------------------------------------------------------
 Time       [T]   103958.0000
----------------------------------------------------------
 Sub-region num.                     1            2
----------------------------------------------------------
 Length   [L]        0.37470E+01  0.33499E+01  0.39711E+00
 W-volume [L]        0.66602E+00  0.53258E+00  0.13344E+00
 In-flow  [L/T]     -0.28215E-06 -0.28214E-06 -0.11669E-10
 h Mean   [L]       -0.24572E+04 -0.23974E+04 -0.29613E+04
 Top Flux [L/T]     -0.70361E-08
 Bot Flux [L/T]     -0.28217E-06
 WatBalT  [L]        0.12517E-05
 WatBalR  [%]              0.000
----------------------------------------------------------

----------------------------------------------------------
 Time       [T]   155937.0000
----------------------------------------------------------
 Sub-region num.                     1            2
----------------------------------------------------------
 Length   [L]        0.37470E+01  0.33499E+01  0.39711E+00
 W-volume [L]        0.65658E+00  0.52314E+00  0.13344E+00
 In-flow  [L/T]     -0.11654E-06 -0.11653E-06 -0.78610E-11
 h Mean   [L]       -0.26883E+04 -0.26559E+04 -0.29619E+04
 Top Flux [L/T]     -0.35365E-08
 Bot Flux [L/T]     -0.11651E-06
 WatBalT  [L]        0.26822E-05
 WatBalR  [%]              0.000
----------------------------------------------------------
 
 Calculation time [sec]  0.000000000000000E+000
