 ******* Program HYDRUS
 ******* 
 Esperance                                                               
 Date:  27. 4.    Time:  11:56:12
 Units: L = cm   , T = sec  , M = mmol 
 
 CosAlf,MaxIt,TolTh,  TolH
 1.000   10   0.001 1.00000
 
 TopInF,BotInF,AtmBC,SinkF,WLayer,qGWLF,FreeD,SeepF,lWat,lChem,lTemp,lRoot,lWDep
     F     T     T     F     F     F     F     F     T     F     F     F     F

Nodal point information

node      x         hOld    MatN LayN  Beta      Ah       AK      ATh     Temp    Conc(1...NS)         Sorb(1...NS)

   1      0.000     -0.100    1    1   0.000    1.000    1.000    1.000
   2     -0.130      0.030    1    1   0.000    1.000    1.000    1.000
   3     -0.257      0.157    1    1   0.000    1.000    1.000    1.000
   4     -0.382      0.282    1    1   0.000    1.000    1.000    1.000
   5     -0.505      0.405    1    1   0.000    1.000    1.000    1.000
   6     -0.625      0.525    1    1   0.000    1.000    1.000    1.000
   7     -0.742      0.642    1    1   0.000    1.000    1.000    1.000
   8     -0.857      0.757    1    1   0.000    1.000    1.000    1.000
   9     -0.969      0.869    1    1   0.000    1.000    1.000    1.000
  10     -1.078      0.978    1    1   0.000    1.000    1.000    1.000
  11     -1.186      1.086    1    1   0.000    1.000    1.000    1.000
  12     -1.290      1.190    1    1   0.000    1.000    1.000    1.000
  13     -1.392      1.292    1    1   0.000    1.000    1.000    1.000
  14     -1.492      1.392    1    1   0.000    1.000    1.000    1.000
  15     -1.589      1.489    1    1   0.000    1.000    1.000    1.000
  16     -1.683      1.583    1    1   0.000    1.000    1.000    1.000
  17     -1.775      1.675    1    1   0.000    1.000    1.000    1.000
  18     -1.864      1.764    1    1   0.000    1.000    1.000    1.000
  19     -1.951      1.851    1    1   0.000    1.000    1.000    1.000
  20     -2.035      1.935    1    1   0.000    1.000    1.000    1.000
  21     -2.117      2.017    1    1   0.000    1.000    1.000    1.000
  22     -2.196      2.096    1    1   0.000    1.000    1.000    1.000
  23     -2.273      2.173    1    1   0.000    1.000    1.000    1.000
  24     -2.347      2.247    1    1   0.000    1.000    1.000    1.000
  25     -2.419      2.319    1    1   0.000    1.000    1.000    1.000
  26     -2.488      2.388    1    1   0.000    1.000    1.000    1.000
  27     -2.554      2.454    1    1   0.000    1.000    1.000    1.000
  28     -2.618      2.518    1    1   0.000    1.000    1.000    1.000
  29     -2.679      2.579    1    1   0.000    1.000    1.000    1.000
  30     -2.738      2.638    1    1   0.000    1.000    1.000    1.000
  31     -2.795      2.694    1    1   0.000    1.000    1.000    1.000
  32     -2.848      2.748    1    1   0.000    1.000    1.000    1.000
  33     -2.899      2.799    1    1   0.000    1.000    1.000    1.000
  34     -2.948      2.848    1    1   0.000    1.000    1.000    1.000
  35     -2.994      2.894    1    1   0.000    1.000    1.000    1.000
  36     -3.038      2.938    1    1   0.000    1.000    1.000    1.000
  37     -3.079      2.979    1    1   0.000    1.000    1.000    1.000
  38     -3.118      3.018    1    1   0.000    1.000    1.000    1.000
  39     -3.153      3.053    1    1   0.000    1.000    1.000    1.000
  40     -3.187      3.087    1    1   0.000    1.000    1.000    1.000
  41     -3.218      3.118    1    1   0.000    1.000    1.000    1.000
  42     -3.246      3.146    1    1   0.000    1.000    1.000    1.000
  43     -3.272      3.172    1    1   0.000    1.000    1.000    1.000
  44     -3.295      3.195    1    1   0.000    1.000    1.000    1.000
  45     -3.316      3.216    1    1   0.000    1.000    1.000    1.000
  46     -3.334      3.234    1    1   0.000    1.000    1.000    1.000
  47     -3.350      3.250    1    1   0.000    1.000    1.000    1.000
  48     -3.363      3.263    2    2   0.000    1.000    1.000    1.000
  49     -3.491      3.391    2    2   0.000    1.000    1.000    1.000
  50     -3.619      3.519    2    2   0.000    1.000    1.000    1.000
  51     -3.747      3.647    2    2   0.000    1.000    1.000    1.000
end

 Number of species in the chain :   0


MatNum, Param. array:

   Mat     Qr     Qs        Alfa         n          Ks      l

    1    0.125  0.375   0.500E-02   0.181E+01   0.900E-04  0.500
    2    0.070  0.340   0.150E-03   0.700E+01   0.580E-07  0.500

       Table of Hydraulic Properties which are interpolated in simulation
       =================================================================

  theta         h        log h        C             K        log K          S          Kv
 
  0.3748  -0.100E-05 -0.6000E+01  0.0000E+00  0.9000E-04 -0.4046E+01    1.0000  0.0000E+00
  0.3748  -0.126E-05 -0.5899E+01  0.0000E+00  0.9000E-04 -0.4046E+01    1.0000  0.0000E+00
  0.3748  -0.159E-05 -0.5798E+01  0.0000E+00  0.9000E-04 -0.4046E+01    1.0000  0.0000E+00
  0.3748  -0.201E-05 -0.5697E+01  0.3358E-09  0.9000E-04 -0.4046E+01    1.0000  0.0000E+00
  0.3748  -0.254E-05 -0.5596E+01  0.4054E-09  0.9000E-04 -0.4046E+01    1.0000  0.0000E+00
  0.3748  -0.320E-05 -0.5495E+01  0.4894E-09  0.9000E-04 -0.4046E+01    1.0000  0.0000E+00
  0.3748  -0.404E-05 -0.5394E+01  0.5909E-09  0.9000E-04 -0.4046E+01    1.0000  0.0000E+00
  0.3748  -0.509E-05 -0.5293E+01  0.7134E-09  0.9000E-04 -0.4046E+01    1.0000  0.0000E+00
  0.3748  -0.643E-05 -0.5192E+01  0.8613E-09  0.9000E-04 -0.4046E+01    1.0000  0.0000E+00
  0.3748  -0.811E-05 -0.5091E+01  0.1040E-08  0.9000E-04 -0.4046E+01    1.0000  0.0000E+00
  0.3748  -0.102E-04 -0.4990E+01  0.1255E-08  0.9000E-04 -0.4046E+01    1.0000  0.0000E+00
  0.3748  -0.129E-04 -0.4889E+01  0.1516E-08  0.9000E-04 -0.4046E+01    1.0000  0.0000E+00
  0.3748  -0.163E-04 -0.4788E+01  0.1830E-08  0.9000E-04 -0.4046E+01    1.0000  0.0000E+00
  0.3748  -0.206E-04 -0.4687E+01  0.2209E-08  0.9000E-04 -0.4046E+01    1.0000  0.0000E+00
  0.3748  -0.260E-04 -0.4586E+01  0.2667E-08  0.9000E-04 -0.4046E+01    1.0000  0.0000E+00
  0.3748  -0.327E-04 -0.4485E+01  0.3220E-08  0.9000E-04 -0.4046E+01    1.0000  0.0000E+00
  0.3748  -0.413E-04 -0.4384E+01  0.3888E-08  0.9000E-04 -0.4046E+01    1.0000  0.0000E+00
  0.3748  -0.521E-04 -0.4283E+01  0.4694E-08  0.9000E-04 -0.4046E+01    1.0000  0.0000E+00
  0.3748  -0.658E-04 -0.4182E+01  0.5667E-08  0.9000E-04 -0.4046E+01    1.0000  0.0000E+00
  0.3748  -0.830E-04 -0.4081E+01  0.6842E-08  0.9000E-04 -0.4046E+01    1.0000  0.0000E+00
  0.3748  -0.105E-03 -0.3980E+01  0.8260E-08  0.9000E-04 -0.4046E+01    1.0000  0.0000E+00
  0.3748  -0.132E-03 -0.3879E+01  0.9972E-08  0.9000E-04 -0.4046E+01    1.0000  0.0000E+00
  0.3748  -0.167E-03 -0.3778E+01  0.1204E-07  0.9000E-04 -0.4046E+01    1.0000  0.0000E+00
  0.3748  -0.210E-03 -0.3677E+01  0.1454E-07  0.9000E-04 -0.4046E+01    1.0000  0.0000E+00
  0.3748  -0.266E-03 -0.3576E+01  0.1755E-07  0.9000E-04 -0.4046E+01    1.0000  0.0000E+00
  0.3748  -0.335E-03 -0.3475E+01  0.2119E-07  0.9000E-04 -0.4046E+01    1.0000  0.0000E+00
  0.3748  -0.423E-03 -0.3374E+01  0.2558E-07  0.9000E-04 -0.4046E+01    1.0000  0.0000E+00
  0.3748  -0.534E-03 -0.3273E+01  0.3088E-07  0.8999E-04 -0.4046E+01    1.0000  0.0000E+00
  0.3748  -0.673E-03 -0.3172E+01  0.3728E-07  0.8999E-04 -0.4046E+01    1.0000  0.0000E+00
  0.3748  -0.850E-03 -0.3071E+01  0.4501E-07  0.8999E-04 -0.4046E+01    1.0000  0.0000E+00
  0.3748  -0.107E-02 -0.2970E+01  0.5434E-07  0.8999E-04 -0.4046E+01    1.0000  0.0000E+00
  0.3748  -0.135E-02 -0.2869E+01  0.6561E-07  0.8999E-04 -0.4046E+01    1.0000  0.0000E+00
  0.3748  -0.171E-02 -0.2768E+01  0.7921E-07  0.8999E-04 -0.4046E+01    1.0000  0.0000E+00
  0.3748  -0.215E-02 -0.2667E+01  0.9563E-07  0.8998E-04 -0.4046E+01    1.0000  0.0000E+00
  0.3748  -0.272E-02 -0.2566E+01  0.1155E-06  0.8998E-04 -0.4046E+01    1.0000  0.0000E+00
  0.3748  -0.343E-02 -0.2465E+01  0.1394E-06  0.8998E-04 -0.4046E+01    1.0000  0.0000E+00
  0.3748  -0.433E-02 -0.2364E+01  0.1683E-06  0.8997E-04 -0.4046E+01    1.0000  0.0000E+00
  0.3748  -0.546E-02 -0.2263E+01  0.2032E-06  0.8996E-04 -0.4046E+01    1.0000  0.0000E+00
  0.3748  -0.689E-02 -0.2162E+01  0.2453E-06  0.8996E-04 -0.4046E+01    1.0000  0.0000E+00
  0.3748  -0.870E-02 -0.2061E+01  0.2962E-06  0.8995E-04 -0.4046E+01    1.0000  0.0000E+00
  0.3748  -0.110E-01 -0.1960E+01  0.3575E-06  0.8994E-04 -0.4046E+01    1.0000  0.0000E+00
  0.3748  -0.138E-01 -0.1859E+01  0.4317E-06  0.8992E-04 -0.4046E+01    1.0000  0.0000E+00
  0.3748  -0.175E-01 -0.1758E+01  0.5212E-06  0.8991E-04 -0.4046E+01    1.0000  0.0000E+00
  0.3748  -0.221E-01 -0.1657E+01  0.6292E-06  0.8989E-04 -0.4046E+01    1.0000  0.0000E+00
  0.3748  -0.278E-01 -0.1556E+01  0.7596E-06  0.8986E-04 -0.4046E+01    1.0000  0.0000E+00
  0.3748  -0.351E-01 -0.1455E+01  0.9171E-06  0.8984E-04 -0.4047E+01    1.0000  0.1791E-35
  0.3748  -0.443E-01 -0.1354E+01  0.1107E-05  0.8980E-04 -0.4047E+01    1.0000  0.1791E-35
  0.3748  -0.559E-01 -0.1253E+01  0.1337E-05  0.8976E-04 -0.4047E+01    1.0000  0.1791E-35
  0.3748  -0.705E-01 -0.1152E+01  0.1614E-05  0.8971E-04 -0.4047E+01    1.0000  0.1805E-34
  0.3748  -0.890E-01 -0.1051E+01  0.1948E-05  0.8965E-04 -0.4047E+01    1.0000  0.6975E-34
  0.3748  -0.112E+00 -0.9495E+00  0.2352E-05  0.8958E-04 -0.4048E+01    1.0000  0.3829E-33
  0.3748  -0.142E+00 -0.8485E+00  0.2840E-05  0.8949E-04 -0.4048E+01    1.0000  0.1175E-32
  0.3748  -0.179E+00 -0.7475E+00  0.3429E-05  0.8939E-04 -0.4049E+01    1.0000  0.5302E-32
  0.3748  -0.226E+00 -0.6465E+00  0.4140E-05  0.8926E-04 -0.4049E+01    1.0000  0.2263E-31
  0.3748  -0.285E+00 -0.5455E+00  0.4998E-05  0.8911E-04 -0.4050E+01    1.0000  0.9327E-31
  0.3748  -0.359E+00 -0.4444E+00  0.6034E-05  0.8893E-04 -0.4051E+01    1.0000  0.3921E-30
  0.3748  -0.453E+00 -0.3434E+00  0.7285E-05  0.8871E-04 -0.4052E+01    1.0000  0.1600E-29
  0.3748  -0.572E+00 -0.2424E+00  0.8795E-05  0.8844E-04 -0.4053E+01    1.0000  0.6528E-29
  0.3748  -0.722E+00 -0.1414E+00  0.1062E-04  0.8812E-04 -0.4055E+01    1.0000  0.2676E-28
  0.3748  -0.911E+00 -0.4040E-01  0.1282E-04  0.8773E-04 -0.4057E+01    1.0000  0.1100E-27
  0.3748  -0.115E+01  0.6061E-01  0.1548E-04  0.8726E-04 -0.4059E+01    1.0000  0.4448E-27
  0.3748  -0.145E+01  0.1616E+00  0.1868E-04  0.8670E-04 -0.4062E+01    0.9999  0.1813E-26
  0.3748  -0.183E+01  0.2626E+00  0.2255E-04  0.8602E-04 -0.4065E+01    0.9999  0.7366E-26
  0.3748  -0.231E+01  0.3636E+00  0.2722E-04  0.8521E-04 -0.4070E+01    0.9999  0.2989E-25
  0.3747  -0.292E+01  0.4646E+00  0.3286E-04  0.8423E-04 -0.4075E+01    0.9998  0.1215E-24
  0.3747  -0.368E+01  0.5657E+00  0.3966E-04  0.8305E-04 -0.4081E+01    0.9997  0.4946E-24
  0.3747  -0.464E+01  0.6667E+00  0.4785E-04  0.8165E-04 -0.4088E+01    0.9995  0.2010E-23
  0.3746  -0.586E+01  0.7677E+00  0.5773E-04  0.7996E-04 -0.4097E+01    0.9993  0.8163E-23
  0.3745  -0.739E+01  0.8687E+00  0.6960E-04  0.7795E-04 -0.4108E+01    0.9989  0.3315E-22
  0.3744  -0.933E+01  0.9697E+00  0.8387E-04  0.7556E-04 -0.4122E+01    0.9983  0.1344E-21
  0.3741  -0.118E+02  0.1071E+01  0.1010E-03  0.7272E-04 -0.4138E+01    0.9974  0.5443E-21
  0.3738  -0.148E+02  0.1172E+01  0.1214E-03  0.6937E-04 -0.4159E+01    0.9960  0.2198E-20
  0.3733  -0.187E+02  0.1273E+01  0.1455E-03  0.6543E-04 -0.4184E+01    0.9939  0.8841E-20
  0.3725  -0.236E+02  0.1374E+01  0.1739E-03  0.6086E-04 -0.4216E+01    0.9908  0.3536E-19
  0.3713  -0.298E+02  0.1475E+01  0.2067E-03  0.5561E-04 -0.4255E+01    0.9860  0.1402E-18
  0.3696  -0.376E+02  0.1576E+01  0.2438E-03  0.4968E-04 -0.4304E+01    0.9790  0.5486E-18
  0.3669  -0.475E+02  0.1677E+01  0.2843E-03  0.4311E-04 -0.4365E+01    0.9685  0.2106E-17
  0.3631  -0.599E+02  0.1778E+01  0.3261E-03  0.3608E-04 -0.4443E+01    0.9532  0.7858E-17
  0.3577  -0.756E+02  0.1879E+01  0.3653E-03  0.2884E-04 -0.4540E+01    0.9314  0.2817E-16
  0.3501  -0.955E+02  0.1980E+01  0.3962E-03  0.2179E-04 -0.4662E+01    0.9011  0.9556E-16
  0.3400  -0.120E+03  0.2081E+01  0.4119E-03  0.1539E-04 -0.4813E+01    0.8604  0.3011E-15
  0.3270  -0.152E+03  0.2182E+01  0.4065E-03  0.1007E-04 -0.4997E+01    0.8084  0.8646E-15
  0.3113  -0.192E+03  0.2283E+01  0.3779E-03  0.6061E-05 -0.5217E+01    0.7456  0.2224E-14
  0.2936  -0.242E+03  0.2384E+01  0.3296E-03  0.3355E-05 -0.5474E+01    0.6743  0.5068E-14
  0.2746  -0.305E+03  0.2485E+01  0.2702E-03  0.1717E-05 -0.5765E+01    0.5983  0.1020E-13
  0.2555  -0.385E+03  0.2586E+01  0.2097E-03  0.8205E-06 -0.6086E+01    0.5218  0.1823E-13
  0.2373  -0.486E+03  0.2687E+01  0.1554E-03  0.3710E-06 -0.6431E+01    0.4487  0.2928E-13
  0.2205  -0.614E+03  0.2788E+01  0.1111E-03  0.1608E-06 -0.6794E+01    0.3816  0.4294E-13
  0.2057  -0.774E+03  0.2889E+01  0.7734E-04  0.6752E-07 -0.7171E+01    0.3219  0.5838E-13
  0.1927  -0.977E+03  0.2990E+01  0.5284E-04  0.2774E-07 -0.7557E+01    0.2700  0.7466E-13
  0.1816  -0.123E+04  0.3091E+01  0.3563E-04  0.1122E-07 -0.7950E+01    0.2255  0.9092E-13
  0.1722  -0.156E+04  0.3192E+01  0.2381E-04  0.4493E-08 -0.8347E+01    0.1878  0.1065E-12
  0.1643  -0.196E+04  0.3293E+01  0.1582E-04  0.1786E-08 -0.8748E+01    0.1561  0.1209E-12
  0.1577  -0.248E+04  0.3394E+01  0.1046E-04  0.7068E-09 -0.9151E+01    0.1296  0.1340E-12
  0.1522  -0.313E+04  0.3495E+01  0.6904E-05  0.2788E-09 -0.9555E+01    0.1075  0.1456E-12
  0.1476  -0.394E+04  0.3596E+01  0.4548E-05  0.1098E-09 -0.9960E+01    0.0892  0.1558E-12
  0.1438  -0.498E+04  0.3697E+01  0.2992E-05  0.4316E-10 -0.1036E+02    0.0739  0.1645E-12
  0.1406  -0.628E+04  0.3798E+01  0.1967E-05  0.1695E-10 -0.1077E+02    0.0612  0.1720E-12
  0.1380  -0.792E+04  0.3899E+01  0.1292E-05  0.6655E-11 -0.1118E+02    0.0507  0.1783E-12
  0.1358  -0.100E+05  0.4000E+01  0.8487E-06  0.2612E-11 -0.1158E+02    0.0420  0.1835E-12
end
 
  0.3400  -0.100E-05 -0.6000E+01  0.0000E+00  0.5800E-07 -0.7237E+01    1.0000  0.0000E+00
  0.3400  -0.126E-05 -0.5899E+01  0.0000E+00  0.5800E-07 -0.7237E+01    1.0000  0.0000E+00
  0.3400  -0.159E-05 -0.5798E+01  0.0000E+00  0.5800E-07 -0.7237E+01    1.0000  0.0000E+00
  0.3400  -0.201E-05 -0.5697E+01  0.0000E+00  0.5800E-07 -0.7237E+01    1.0000  0.0000E+00
  0.3400  -0.254E-05 -0.5596E+01  0.0000E+00  0.5800E-07 -0.7237E+01    1.0000  0.0000E+00
  0.3400  -0.320E-05 -0.5495E+01  0.0000E+00  0.5800E-07 -0.7237E+01    1.0000  0.0000E+00
  0.3400  -0.404E-05 -0.5394E+01  0.0000E+00  0.5800E-07 -0.7237E+01    1.0000  0.0000E+00
  0.3400  -0.509E-05 -0.5293E+01  0.0000E+00  0.5800E-07 -0.7237E+01    1.0000  0.0000E+00
  0.3400  -0.643E-05 -0.5192E+01  0.0000E+00  0.5800E-07 -0.7237E+01    1.0000  0.0000E+00
  0.3400  -0.811E-05 -0.5091E+01  0.0000E+00  0.5800E-07 -0.7237E+01    1.0000  0.0000E+00
  0.3400  -0.102E-04 -0.4990E+01  0.0000E+00  0.5800E-07 -0.7237E+01    1.0000  0.0000E+00
  0.3400  -0.129E-04 -0.4889E+01  0.0000E+00  0.5800E-07 -0.7237E+01    1.0000  0.0000E+00
  0.3400  -0.163E-04 -0.4788E+01  0.0000E+00  0.5800E-07 -0.7237E+01    1.0000  0.0000E+00
  0.3400  -0.206E-04 -0.4687E+01  0.0000E+00  0.5800E-07 -0.7237E+01    1.0000  0.0000E+00
  0.3400  -0.260E-04 -0.4586E+01  0.0000E+00  0.5800E-07 -0.7237E+01    1.0000  0.0000E+00
  0.3400  -0.327E-04 -0.4485E+01  0.0000E+00  0.5800E-07 -0.7237E+01    1.0000  0.0000E+00
  0.3400  -0.413E-04 -0.4384E+01  0.0000E+00  0.5800E-07 -0.7237E+01    1.0000  0.0000E+00
  0.3400  -0.521E-04 -0.4283E+01  0.0000E+00  0.5800E-07 -0.7237E+01    1.0000  0.0000E+00
  0.3400  -0.658E-04 -0.4182E+01  0.0000E+00  0.5800E-07 -0.7237E+01    1.0000  0.0000E+00
  0.3400  -0.830E-04 -0.4081E+01  0.0000E+00  0.5800E-07 -0.7237E+01    1.0000  0.0000E+00
  0.3400  -0.105E-03 -0.3980E+01  0.0000E+00  0.5800E-07 -0.7237E+01    1.0000  0.0000E+00
  0.3400  -0.132E-03 -0.3879E+01  0.0000E+00  0.5800E-07 -0.7237E+01    1.0000  0.0000E+00
  0.3400  -0.167E-03 -0.3778E+01  0.0000E+00  0.5800E-07 -0.7237E+01    1.0000  0.0000E+00
  0.3400  -0.210E-03 -0.3677E+01  0.0000E+00  0.5800E-07 -0.7237E+01    1.0000  0.0000E+00
  0.3400  -0.266E-03 -0.3576E+01  0.0000E+00  0.5800E-07 -0.7237E+01    1.0000  0.0000E+00
  0.3400  -0.335E-03 -0.3475E+01  0.0000E+00  0.5800E-07 -0.7237E+01    1.0000  0.0000E+00
  0.3400  -0.423E-03 -0.3374E+01  0.0000E+00  0.5800E-07 -0.7237E+01    1.0000  0.0000E+00
  0.3400  -0.534E-03 -0.3273E+01  0.0000E+00  0.5800E-07 -0.7237E+01    1.0000  0.0000E+00
  0.3400  -0.673E-03 -0.3172E+01  0.0000E+00  0.5800E-07 -0.7237E+01    1.0000  0.0000E+00
  0.3400  -0.850E-03 -0.3071E+01  0.0000E+00  0.5800E-07 -0.7237E+01    1.0000  0.0000E+00
  0.3400  -0.107E-02 -0.2970E+01  0.0000E+00  0.5800E-07 -0.7237E+01    1.0000  0.0000E+00
  0.3400  -0.135E-02 -0.2869E+01  0.0000E+00  0.5800E-07 -0.7237E+01    1.0000  0.0000E+00
  0.3400  -0.171E-02 -0.2768E+01  0.0000E+00  0.5800E-07 -0.7237E+01    1.0000  0.0000E+00
  0.3400  -0.215E-02 -0.2667E+01  0.0000E+00  0.5800E-07 -0.7237E+01    1.0000  0.0000E+00
  0.3400  -0.272E-02 -0.2566E+01  0.0000E+00  0.5800E-07 -0.7237E+01    1.0000  0.0000E+00
  0.3400  -0.343E-02 -0.2465E+01  0.0000E+00  0.5800E-07 -0.7237E+01    1.0000  0.0000E+00
  0.3400  -0.433E-02 -0.2364E+01  0.0000E+00  0.5800E-07 -0.7237E+01    1.0000  0.0000E+00
  0.3400  -0.546E-02 -0.2263E+01  0.0000E+00  0.5800E-07 -0.7237E+01    1.0000  0.0000E+00
  0.3400  -0.689E-02 -0.2162E+01  0.0000E+00  0.5800E-07 -0.7237E+01    1.0000  0.0000E+00
  0.3400  -0.870E-02 -0.2061E+01  0.0000E+00  0.5800E-07 -0.7237E+01    1.0000  0.0000E+00
  0.3400  -0.110E-01 -0.1960E+01  0.0000E+00  0.5800E-07 -0.7237E+01    1.0000  0.0000E+00
  0.3400  -0.138E-01 -0.1859E+01  0.0000E+00  0.5800E-07 -0.7237E+01    1.0000  0.0000E+00
  0.3400  -0.175E-01 -0.1758E+01  0.0000E+00  0.5800E-07 -0.7237E+01    1.0000  0.0000E+00
  0.3400  -0.221E-01 -0.1657E+01  0.0000E+00  0.5800E-07 -0.7237E+01    1.0000  0.0000E+00
  0.3400  -0.278E-01 -0.1556E+01  0.0000E+00  0.5800E-07 -0.7237E+01    1.0000  0.0000E+00
  0.3400  -0.351E-01 -0.1455E+01  0.0000E+00  0.5800E-07 -0.7237E+01    1.0000  0.0000E+00
  0.3400  -0.443E-01 -0.1354E+01  0.0000E+00  0.5800E-07 -0.7237E+01    1.0000  0.0000E+00
  0.3400  -0.559E-01 -0.1253E+01  0.0000E+00  0.5800E-07 -0.7237E+01    1.0000  0.0000E+00
  0.3400  -0.705E-01 -0.1152E+01  0.0000E+00  0.5800E-07 -0.7237E+01    1.0000  0.0000E+00
  0.3400  -0.890E-01 -0.1051E+01  0.0000E+00  0.5800E-07 -0.7237E+01    1.0000  0.0000E+00
  0.3400  -0.112E+00 -0.9495E+00  0.0000E+00  0.5800E-07 -0.7237E+01    1.0000  0.0000E+00
  0.3400  -0.142E+00 -0.8485E+00  0.0000E+00  0.5800E-07 -0.7237E+01    1.0000  0.0000E+00
  0.3400  -0.179E+00 -0.7475E+00  0.0000E+00  0.5800E-07 -0.7237E+01    1.0000  0.0000E+00
  0.3400  -0.226E+00 -0.6465E+00  0.0000E+00  0.5800E-07 -0.7237E+01    1.0000  0.0000E+00
  0.3400  -0.285E+00 -0.5455E+00  0.0000E+00  0.5800E-07 -0.7237E+01    1.0000  0.0000E+00
  0.3400  -0.359E+00 -0.4444E+00  0.0000E+00  0.5800E-07 -0.7237E+01    1.0000  0.0000E+00
  0.3400  -0.453E+00 -0.3434E+00  0.0000E+00  0.5800E-07 -0.7237E+01    1.0000  0.0000E+00
  0.3400  -0.572E+00 -0.2424E+00  0.0000E+00  0.5800E-07 -0.7237E+01    1.0000  0.0000E+00
  0.3400  -0.722E+00 -0.1414E+00  0.0000E+00  0.5800E-07 -0.7237E+01    1.0000  0.0000E+00
  0.3400  -0.911E+00 -0.4040E-01  0.0000E+00  0.5800E-07 -0.7237E+01    1.0000  0.0000E+00
  0.3400  -0.115E+01  0.6061E-01  0.0000E+00  0.5800E-07 -0.7237E+01    1.0000  0.0000E+00
  0.3400  -0.145E+01  0.1616E+00  0.0000E+00  0.5800E-07 -0.7237E+01    1.0000  0.0000E+00
  0.3400  -0.183E+01  0.2626E+00  0.0000E+00  0.5800E-07 -0.7237E+01    1.0000  0.0000E+00
  0.3400  -0.231E+01  0.3636E+00  0.0000E+00  0.5800E-07 -0.7237E+01    1.0000  0.0000E+00
  0.3400  -0.292E+01  0.4646E+00  0.0000E+00  0.5800E-07 -0.7237E+01    1.0000  0.0000E+00
  0.3400  -0.368E+01  0.5657E+00  0.0000E+00  0.5800E-07 -0.7237E+01    1.0000  0.0000E+00
  0.3400  -0.464E+01  0.6667E+00  0.0000E+00  0.5800E-07 -0.7237E+01    1.0000  0.0000E+00
  0.3400  -0.586E+01  0.7677E+00  0.0000E+00  0.5800E-07 -0.7237E+01    1.0000  0.0000E+00
  0.3400  -0.739E+01  0.8687E+00  0.0000E+00  0.5800E-07 -0.7237E+01    1.0000  0.0000E+00
  0.3400  -0.933E+01  0.9697E+00  0.0000E+00  0.5800E-07 -0.7237E+01    1.0000  0.0000E+00
  0.3400  -0.118E+02  0.1071E+01  0.0000E+00  0.5800E-07 -0.7237E+01    1.0000  0.0000E+00
  0.3400  -0.148E+02  0.1172E+01  0.0000E+00  0.5800E-07 -0.7237E+01    1.0000  0.0000E+00
  0.3400  -0.187E+02  0.1273E+01  0.0000E+00  0.5800E-07 -0.7237E+01    1.0000  0.0000E+00
  0.3400  -0.236E+02  0.1374E+01  0.0000E+00  0.5800E-07 -0.7237E+01    1.0000  0.0000E+00
  0.3400  -0.298E+02  0.1475E+01  0.0000E+00  0.5800E-07 -0.7237E+01    1.0000  0.0000E+00
  0.3400  -0.376E+02  0.1576E+01  0.0000E+00  0.5800E-07 -0.7237E+01    1.0000  0.0000E+00
  0.3400  -0.475E+02  0.1677E+01  0.0000E+00  0.5800E-07 -0.7237E+01    1.0000  0.0000E+00
  0.3400  -0.599E+02  0.1778E+01  0.1285E-15  0.5800E-07 -0.7237E+01    1.0000  0.0000E+00
  0.3400  -0.756E+02  0.1879E+01  0.5187E-15  0.5800E-07 -0.7237E+01    1.0000  0.0000E+00
  0.3400  -0.955E+02  0.1980E+01  0.2094E-14  0.5800E-07 -0.7237E+01    1.0000  0.0000E+00
  0.3400  -0.120E+03  0.2081E+01  0.8453E-14  0.5800E-07 -0.7237E+01    1.0000  0.0000E+00
  0.3400  -0.152E+03  0.2182E+01  0.3412E-13  0.5800E-07 -0.7237E+01    1.0000  0.0000E+00
  0.3400  -0.192E+03  0.2283E+01  0.1378E-12  0.5800E-07 -0.7237E+01    1.0000  0.0000E+00
  0.3400  -0.242E+03  0.2384E+01  0.5561E-12  0.5800E-07 -0.7237E+01    1.0000  0.0000E+00
  0.3400  -0.305E+03  0.2485E+01  0.2245E-11  0.5800E-07 -0.7237E+01    1.0000  0.0000E+00
  0.3400  -0.385E+03  0.2586E+01  0.9064E-11  0.5800E-07 -0.7237E+01    1.0000  0.0000E+00
  0.3400  -0.486E+03  0.2687E+01  0.3659E-10  0.5800E-07 -0.7237E+01    1.0000  0.0000E+00
  0.3400  -0.614E+03  0.2788E+01  0.1477E-09  0.5800E-07 -0.7237E+01    1.0000  0.0000E+00
  0.3400  -0.774E+03  0.2889E+01  0.5963E-09  0.5800E-07 -0.7237E+01    1.0000  0.2193E-34
  0.3400  -0.977E+03  0.2990E+01  0.2407E-08  0.5800E-07 -0.7237E+01    1.0000  0.6439E-32
  0.3400  -0.123E+04  0.3091E+01  0.9719E-08  0.5800E-07 -0.7237E+01    1.0000  0.1550E-29
  0.3400  -0.156E+04  0.3192E+01  0.3923E-07  0.5798E-07 -0.7237E+01    1.0000  0.3632E-27
  0.3400  -0.196E+04  0.3293E+01  0.1583E-06  0.5792E-07 -0.7237E+01    0.9998  0.8212E-25
  0.3398  -0.248E+04  0.3394E+01  0.6383E-06  0.5767E-07 -0.7239E+01    0.9992  0.1864E-22
  0.3389  -0.313E+04  0.3495E+01  0.2558E-05  0.5666E-07 -0.7247E+01    0.9958  0.4184E-20
  0.3343  -0.394E+04  0.3596E+01  0.9947E-05  0.5266E-07 -0.7278E+01    0.9788  0.8939E-18
  0.3133  -0.498E+04  0.3697E+01  0.3357E-04  0.3922E-07 -0.7407E+01    0.9011  0.1506E-15
  0.2450  -0.628E+04  0.3798E+01  0.6638E-04  0.1397E-07 -0.7855E+01    0.6482  0.1033E-13
  0.1465  -0.792E+04  0.3899E+01  0.4463E-04  0.1240E-08 -0.8907E+01    0.2834  0.1105E-12
  0.0926  -0.100E+05  0.4000E+01  0.1280E-04  0.3797E-10 -0.1042E+02    0.0836  0.2504E-12
end
