 ******* Program HYDRUS
 ******* 
 Esperance                                                               
 Date:  27. 4.    Time:  12:52:34
 Units: L = cm   , T = sec  , M = mmol 

----------------------------------------------------------
 Time       [T]        0.0000
----------------------------------------------------------
 Sub-region num.                     1            2
----------------------------------------------------------
 Length   [L]        0.37470E+01  0.33499E+01  0.39711E+00
 W-volume [L]        0.13908E+01  0.12555E+01  0.13525E+00
 In-flow  [L/T]      0.00000E+00  0.00000E+00  0.00000E+00
 h Mean   [L]        0.17735E+01  0.15749E+01  0.34484E+01
 Top Flux [L/T]      0.18991E-10
 Bot Flux [L/T]      0.00000E+00
----------------------------------------------------------

----------------------------------------------------------
 Time       [T]    51979.0000
----------------------------------------------------------
 Sub-region num.                     1            2
----------------------------------------------------------
 Length   [L]        0.37470E+01  0.33499E+01  0.39711E+00
 W-volume [L]        0.62219E+00  0.48904E+00  0.13314E+00
 In-flow  [L/T]     -0.19874E-05 -0.19872E-05 -0.15602E-09
 h Mean   [L]       -0.11667E+04 -0.95470E+03 -0.29553E+04
 Top Flux [L/T]     -0.44439E-07
 Bot Flux [L/T]     -0.19874E-05
 WatBalT  [L]       -0.47684E-06
 WatBalR  [%]              0.000
----------------------------------------------------------

----------------------------------------------------------
 Time       [T]   103958.0000
----------------------------------------------------------
 Sub-region num.                     1            2
----------------------------------------------------------
 Length   [L]        0.37470E+01  0.33499E+01  0.39711E+00
 W-volume [L]        0.56769E+00  0.43455E+00  0.13314E+00
 In-flow  [L/T]     -0.58700E-06 -0.58698E-06 -0.22227E-10
 h Mean   [L]       -0.15513E+04 -0.13843E+04 -0.29602E+04
 Top Flux [L/T]     -0.12866E-07
 Bot Flux [L/T]     -0.58700E-06
 WatBalT  [L]       -0.10729E-05
 WatBalR  [%]              0.000
----------------------------------------------------------

----------------------------------------------------------
 Time       [T]   155937.0000
----------------------------------------------------------
 Sub-region num.                     1            2
----------------------------------------------------------
 Length   [L]        0.37470E+01  0.33499E+01  0.39711E+00
 W-volume [L]        0.54596E+00  0.41282E+00  0.13314E+00
 In-flow  [L/T]     -0.30307E-06 -0.30307E-06 -0.82747E-11
 h Mean   [L]       -0.17964E+04 -0.16583E+04 -0.29612E+04
 Top Flux [L/T]     -0.68045E-08
 Bot Flux [L/T]     -0.30312E-06
 WatBalT  [L]        0.71526E-06
 WatBalR  [%]              0.000
----------------------------------------------------------
 
 Calculation time [sec]  0.000000000000000E+000
