 ******* Program HYDRUS
 ******* 
 Esperance                                                               
 Date:  27. 4.    Time:  12:52:34
 Units: L = cm   , T = sec  , M = mmol 
 
 CosAlf,MaxIt,TolTh,  TolH
 1.000   10   0.001 1.00000
 
 TopInF,BotInF,AtmBC,SinkF,WLayer,qGWLF,FreeD,SeepF,lWat,lChem,lTemp,lRoot,lWDep
     F     T     T     F     F     F     F     F     T     F     F     F     F

Nodal point information

node      x         hOld    MatN LayN  Beta      Ah       AK      ATh     Temp    Conc(1...NS)         Sorb(1...NS)

   1      0.000     -0.100    1    1   0.000    1.000    1.000    1.000
   2     -0.130      0.030    1    1   0.000    1.000    1.000    1.000
   3     -0.257      0.157    1    1   0.000    1.000    1.000    1.000
   4     -0.382      0.282    1    1   0.000    1.000    1.000    1.000
   5     -0.505      0.405    1    1   0.000    1.000    1.000    1.000
   6     -0.625      0.525    1    1   0.000    1.000    1.000    1.000
   7     -0.742      0.642    1    1   0.000    1.000    1.000    1.000
   8     -0.857      0.757    1    1   0.000    1.000    1.000    1.000
   9     -0.969      0.869    1    1   0.000    1.000    1.000    1.000
  10     -1.078      0.978    1    1   0.000    1.000    1.000    1.000
  11     -1.186      1.086    1    1   0.000    1.000    1.000    1.000
  12     -1.290      1.190    1    1   0.000    1.000    1.000    1.000
  13     -1.392      1.292    1    1   0.000    1.000    1.000    1.000
  14     -1.492      1.392    1    1   0.000    1.000    1.000    1.000
  15     -1.589      1.489    1    1   0.000    1.000    1.000    1.000
  16     -1.683      1.583    1    1   0.000    1.000    1.000    1.000
  17     -1.775      1.675    1    1   0.000    1.000    1.000    1.000
  18     -1.864      1.764    1    1   0.000    1.000    1.000    1.000
  19     -1.951      1.851    1    1   0.000    1.000    1.000    1.000
  20     -2.035      1.935    1    1   0.000    1.000    1.000    1.000
  21     -2.117      2.017    1    1   0.000    1.000    1.000    1.000
  22     -2.196      2.096    1    1   0.000    1.000    1.000    1.000
  23     -2.273      2.173    1    1   0.000    1.000    1.000    1.000
  24     -2.347      2.247    1    1   0.000    1.000    1.000    1.000
  25     -2.419      2.319    1    1   0.000    1.000    1.000    1.000
  26     -2.488      2.388    1    1   0.000    1.000    1.000    1.000
  27     -2.554      2.454    1    1   0.000    1.000    1.000    1.000
  28     -2.618      2.518    1    1   0.000    1.000    1.000    1.000
  29     -2.679      2.579    1    1   0.000    1.000    1.000    1.000
  30     -2.738      2.638    1    1   0.000    1.000    1.000    1.000
  31     -2.795      2.694    1    1   0.000    1.000    1.000    1.000
  32     -2.848      2.748    1    1   0.000    1.000    1.000    1.000
  33     -2.899      2.799    1    1   0.000    1.000    1.000    1.000
  34     -2.948      2.848    1    1   0.000    1.000    1.000    1.000
  35     -2.994      2.894    1    1   0.000    1.000    1.000    1.000
  36     -3.038      2.938    1    1   0.000    1.000    1.000    1.000
  37     -3.079      2.979    1    1   0.000    1.000    1.000    1.000
  38     -3.118      3.018    1    1   0.000    1.000    1.000    1.000
  39     -3.153      3.053    1    1   0.000    1.000    1.000    1.000
  40     -3.187      3.087    1    1   0.000    1.000    1.000    1.000
  41     -3.218      3.118    1    1   0.000    1.000    1.000    1.000
  42     -3.246      3.146    1    1   0.000    1.000    1.000    1.000
  43     -3.272      3.172    1    1   0.000    1.000    1.000    1.000
  44     -3.295      3.195    1    1   0.000    1.000    1.000    1.000
  45     -3.316      3.216    1    1   0.000    1.000    1.000    1.000
  46     -3.334      3.234    1    1   0.000    1.000    1.000    1.000
  47     -3.350      3.250    1    1   0.000    1.000    1.000    1.000
  48     -3.363      3.263    2    2   0.000    1.000    1.000    1.000
  49     -3.491      3.391    2    2   0.000    1.000    1.000    1.000
  50     -3.619      3.519    2    2   0.000    1.000    1.000    1.000
  51     -3.747      3.647    2    2   0.000    1.000    1.000    1.000
end

 Number of species in the chain :   0


MatNum, Param. array:

   Mat     Qr     Qs        Alfa         n          Ks      l

    1    0.081  0.375   0.800E-02   0.176E+01   0.800E-04  0.500
    2    0.070  0.340   0.150E-03   0.700E+01   0.580E-07  0.500

       Table of Hydraulic Properties which are interpolated in simulation
       =================================================================

  theta         h        log h        C             K        log K          S          Kv
 
  0.3748  -0.100E-05 -0.6000E+01  0.1179E-08  0.8000E-04 -0.4097E+01    1.0000  0.0000E+00
  0.3748  -0.126E-05 -0.5899E+01  0.1408E-08  0.8000E-04 -0.4097E+01    1.0000  0.0000E+00
  0.3748  -0.159E-05 -0.5798E+01  0.1682E-08  0.8000E-04 -0.4097E+01    1.0000  0.0000E+00
  0.3748  -0.201E-05 -0.5697E+01  0.2009E-08  0.8000E-04 -0.4097E+01    1.0000  0.0000E+00
  0.3748  -0.254E-05 -0.5596E+01  0.2399E-08  0.8000E-04 -0.4097E+01    1.0000  0.0000E+00
  0.3748  -0.320E-05 -0.5495E+01  0.2865E-08  0.8000E-04 -0.4097E+01    1.0000  0.0000E+00
  0.3748  -0.404E-05 -0.5394E+01  0.3422E-08  0.8000E-04 -0.4097E+01    1.0000  0.0000E+00
  0.3748  -0.509E-05 -0.5293E+01  0.4087E-08  0.8000E-04 -0.4097E+01    1.0000  0.0000E+00
  0.3748  -0.643E-05 -0.5192E+01  0.4881E-08  0.8000E-04 -0.4097E+01    1.0000  0.0000E+00
  0.3748  -0.811E-05 -0.5091E+01  0.5830E-08  0.8000E-04 -0.4097E+01    1.0000  0.0000E+00
  0.3748  -0.102E-04 -0.4990E+01  0.6962E-08  0.8000E-04 -0.4097E+01    1.0000  0.0000E+00
  0.3748  -0.129E-04 -0.4889E+01  0.8315E-08  0.8000E-04 -0.4097E+01    1.0000  0.0000E+00
  0.3748  -0.163E-04 -0.4788E+01  0.9931E-08  0.8000E-04 -0.4097E+01    1.0000  0.0000E+00
  0.3748  -0.206E-04 -0.4687E+01  0.1186E-07  0.8000E-04 -0.4097E+01    1.0000  0.0000E+00
  0.3748  -0.260E-04 -0.4586E+01  0.1417E-07  0.8000E-04 -0.4097E+01    1.0000  0.0000E+00
  0.3748  -0.327E-04 -0.4485E+01  0.1692E-07  0.8000E-04 -0.4097E+01    1.0000  0.0000E+00
  0.3748  -0.413E-04 -0.4384E+01  0.2021E-07  0.8000E-04 -0.4097E+01    1.0000  0.0000E+00
  0.3748  -0.521E-04 -0.4283E+01  0.2413E-07  0.8000E-04 -0.4097E+01    1.0000  0.0000E+00
  0.3748  -0.658E-04 -0.4182E+01  0.2882E-07  0.8000E-04 -0.4097E+01    1.0000  0.0000E+00
  0.3748  -0.830E-04 -0.4081E+01  0.3442E-07  0.8000E-04 -0.4097E+01    1.0000  0.0000E+00
  0.3748  -0.105E-03 -0.3980E+01  0.4111E-07  0.8000E-04 -0.4097E+01    1.0000  0.0000E+00
  0.3748  -0.132E-03 -0.3879E+01  0.4910E-07  0.8000E-04 -0.4097E+01    1.0000  0.0000E+00
  0.3748  -0.167E-03 -0.3778E+01  0.5864E-07  0.7999E-04 -0.4097E+01    1.0000  0.0000E+00
  0.3748  -0.210E-03 -0.3677E+01  0.7003E-07  0.7999E-04 -0.4097E+01    1.0000  0.0000E+00
  0.3748  -0.266E-03 -0.3576E+01  0.8364E-07  0.7999E-04 -0.4097E+01    1.0000  0.0000E+00
  0.3748  -0.335E-03 -0.3475E+01  0.9989E-07  0.7999E-04 -0.4097E+01    1.0000  0.0000E+00
  0.3748  -0.423E-03 -0.3374E+01  0.1193E-06  0.7999E-04 -0.4097E+01    1.0000  0.0000E+00
  0.3748  -0.534E-03 -0.3273E+01  0.1425E-06  0.7999E-04 -0.4097E+01    1.0000  0.0000E+00
  0.3748  -0.673E-03 -0.3172E+01  0.1702E-06  0.7998E-04 -0.4097E+01    1.0000  0.0000E+00
  0.3748  -0.850E-03 -0.3071E+01  0.2032E-06  0.7998E-04 -0.4097E+01    1.0000  0.0000E+00
  0.3748  -0.107E-02 -0.2970E+01  0.2427E-06  0.7998E-04 -0.4097E+01    1.0000  0.0000E+00
  0.3748  -0.135E-02 -0.2869E+01  0.2899E-06  0.7997E-04 -0.4097E+01    1.0000  0.0000E+00
  0.3748  -0.171E-02 -0.2768E+01  0.3462E-06  0.7997E-04 -0.4097E+01    1.0000  0.0000E+00
  0.3748  -0.215E-02 -0.2667E+01  0.4135E-06  0.7996E-04 -0.4097E+01    1.0000  0.0000E+00
  0.3748  -0.272E-02 -0.2566E+01  0.4938E-06  0.7996E-04 -0.4097E+01    1.0000  0.0000E+00
  0.3748  -0.343E-02 -0.2465E+01  0.5898E-06  0.7995E-04 -0.4097E+01    1.0000  0.0000E+00
  0.3748  -0.433E-02 -0.2364E+01  0.7044E-06  0.7994E-04 -0.4097E+01    1.0000  0.0000E+00
  0.3748  -0.546E-02 -0.2263E+01  0.8413E-06  0.7992E-04 -0.4097E+01    1.0000  0.0000E+00
  0.3748  -0.689E-02 -0.2162E+01  0.1005E-05  0.7991E-04 -0.4097E+01    1.0000  0.0000E+00
  0.3748  -0.870E-02 -0.2061E+01  0.1200E-05  0.7989E-04 -0.4097E+01    1.0000  0.0000E+00
  0.3748  -0.110E-01 -0.1960E+01  0.1433E-05  0.7987E-04 -0.4098E+01    1.0000  0.0000E+00
  0.3748  -0.138E-01 -0.1859E+01  0.1712E-05  0.7985E-04 -0.4098E+01    1.0000  0.0000E+00
  0.3748  -0.175E-01 -0.1758E+01  0.2044E-05  0.7982E-04 -0.4098E+01    1.0000  0.1791E-35
  0.3748  -0.221E-01 -0.1657E+01  0.2441E-05  0.7978E-04 -0.4098E+01    1.0000  0.1791E-35
  0.3748  -0.278E-01 -0.1556E+01  0.2916E-05  0.7974E-04 -0.4098E+01    1.0000  0.1805E-34
  0.3748  -0.351E-01 -0.1455E+01  0.3482E-05  0.7969E-04 -0.4099E+01    1.0000  0.1805E-34
  0.3748  -0.443E-01 -0.1354E+01  0.4159E-05  0.7963E-04 -0.4099E+01    1.0000  0.1820E-33
  0.3748  -0.559E-01 -0.1253E+01  0.4967E-05  0.7956E-04 -0.4099E+01    1.0000  0.3829E-33
  0.3748  -0.705E-01 -0.1152E+01  0.5932E-05  0.7947E-04 -0.4100E+01    1.0000  0.1834E-32
  0.3748  -0.890E-01 -0.1051E+01  0.7085E-05  0.7937E-04 -0.4100E+01    1.0000  0.7086E-32
  0.3748  -0.112E+00 -0.9495E+00  0.8462E-05  0.7925E-04 -0.4101E+01    1.0000  0.2738E-31
  0.3748  -0.142E+00 -0.8485E+00  0.1011E-04  0.7910E-04 -0.4102E+01    1.0000  0.1058E-30
  0.3748  -0.179E+00 -0.7475E+00  0.1207E-04  0.7893E-04 -0.4103E+01    1.0000  0.4257E-30
  0.3748  -0.226E+00 -0.6465E+00  0.1441E-04  0.7872E-04 -0.4104E+01    1.0000  0.1690E-29
  0.3748  -0.285E+00 -0.5455E+00  0.1722E-04  0.7847E-04 -0.4105E+01    1.0000  0.6528E-29
  0.3748  -0.359E+00 -0.4444E+00  0.2056E-04  0.7817E-04 -0.4107E+01    1.0000  0.2613E-28
  0.3748  -0.453E+00 -0.3434E+00  0.2456E-04  0.7782E-04 -0.4109E+01    1.0000  0.1018E-27
  0.3748  -0.572E+00 -0.2424E+00  0.2933E-04  0.7740E-04 -0.4111E+01    1.0000  0.3973E-27
  0.3748  -0.722E+00 -0.1414E+00  0.3502E-04  0.7690E-04 -0.4114E+01    1.0000  0.1562E-26
  0.3748  -0.911E+00 -0.4040E-01  0.4182E-04  0.7631E-04 -0.4117E+01    0.9999  0.6132E-26
  0.3748  -0.115E+01  0.6061E-01  0.4994E-04  0.7560E-04 -0.4121E+01    0.9999  0.2409E-25
  0.3748  -0.145E+01  0.1616E+00  0.5964E-04  0.7476E-04 -0.4126E+01    0.9998  0.9451E-25
  0.3747  -0.183E+01  0.2626E+00  0.7121E-04  0.7376E-04 -0.4132E+01    0.9997  0.3703E-24
  0.3747  -0.231E+01  0.3636E+00  0.8501E-04  0.7257E-04 -0.4139E+01    0.9996  0.1453E-23
  0.3746  -0.292E+01  0.4646E+00  0.1015E-03  0.7116E-04 -0.4148E+01    0.9994  0.5697E-23
  0.3745  -0.368E+01  0.5657E+00  0.1211E-03  0.6951E-04 -0.4158E+01    0.9991  0.2232E-22
  0.3744  -0.464E+01  0.6667E+00  0.1444E-03  0.6755E-04 -0.4170E+01    0.9987  0.8737E-22
  0.3742  -0.586E+01  0.7677E+00  0.1721E-03  0.6525E-04 -0.4185E+01    0.9980  0.3416E-21
  0.3739  -0.739E+01  0.8687E+00  0.2048E-03  0.6255E-04 -0.4204E+01    0.9971  0.1333E-20
  0.3735  -0.933E+01  0.9697E+00  0.2434E-03  0.5942E-04 -0.4226E+01    0.9956  0.5190E-20
  0.3729  -0.118E+02  0.1071E+01  0.2886E-03  0.5579E-04 -0.4253E+01    0.9934  0.2012E-19
  0.3719  -0.148E+02  0.1172E+01  0.3409E-03  0.5163E-04 -0.4287E+01    0.9901  0.7750E-19
  0.3704  -0.187E+02  0.1273E+01  0.4004E-03  0.4691E-04 -0.4329E+01    0.9851  0.2959E-18
  0.3683  -0.236E+02  0.1374E+01  0.4667E-03  0.4167E-04 -0.4380E+01    0.9779  0.1114E-17
  0.3652  -0.298E+02  0.1475E+01  0.5376E-03  0.3595E-04 -0.4444E+01    0.9672  0.4116E-17
  0.3607  -0.376E+02  0.1576E+01  0.6090E-03  0.2992E-04 -0.4524E+01    0.9519  0.1478E-16
  0.3544  -0.475E+02  0.1677E+01  0.6740E-03  0.2381E-04 -0.4623E+01    0.9303  0.5101E-16
  0.3456  -0.599E+02  0.1778E+01  0.7230E-03  0.1794E-04 -0.4746E+01    0.9006  0.1667E-15
  0.3341  -0.756E+02  0.1879E+01  0.7445E-03  0.1267E-04 -0.4897E+01    0.8611  0.5077E-15
  0.3194  -0.955E+02  0.1980E+01  0.7296E-03  0.8317E-05 -0.5080E+01    0.8112  0.1414E-14
  0.3018  -0.120E+03  0.2081E+01  0.6755E-03  0.5048E-05 -0.5297E+01    0.7511  0.3550E-14
  0.2818  -0.152E+03  0.2182E+01  0.5892E-03  0.2832E-05 -0.5548E+01    0.6831  0.7945E-14
  0.2605  -0.192E+03  0.2283E+01  0.4849E-03  0.1475E-05 -0.5831E+01    0.6104  0.1581E-13
  0.2389  -0.242E+03  0.2384E+01  0.3788E-03  0.7208E-06 -0.6142E+01    0.5369  0.2813E-13
  0.2182  -0.305E+03  0.2485E+01  0.2832E-03  0.3341E-06 -0.6476E+01    0.4661  0.4521E-13
  0.1989  -0.385E+03  0.2586E+01  0.2046E-03  0.1486E-06 -0.6828E+01    0.4004  0.6654E-13
  0.1816  -0.486E+03  0.2687E+01  0.1441E-03  0.6416E-07 -0.7193E+01    0.3413  0.9101E-13
  0.1663  -0.614E+03  0.2788E+01  0.9960E-04  0.2710E-07 -0.7567E+01    0.2894  0.1172E-12
  0.1531  -0.774E+03  0.2889E+01  0.6795E-04  0.1128E-07 -0.7948E+01    0.2443  0.1439E-12
  0.1418  -0.977E+03  0.2990E+01  0.4594E-04  0.4642E-08 -0.8333E+01    0.2057  0.1698E-12
  0.1322  -0.123E+04  0.3091E+01  0.3087E-04  0.1897E-08 -0.8722E+01    0.1729  0.1943E-12
  0.1240  -0.156E+04  0.3192E+01  0.2066E-04  0.7719E-09 -0.9112E+01    0.1451  0.2169E-12
  0.1171  -0.196E+04  0.3293E+01  0.1378E-04  0.3130E-09 -0.9504E+01    0.1217  0.2372E-12
  0.1114  -0.248E+04  0.3394E+01  0.9180E-05  0.1266E-09 -0.9897E+01    0.1020  0.2553E-12
  0.1065  -0.313E+04  0.3495E+01  0.6106E-05  0.5117E-10 -0.1029E+02    0.0855  0.2712E-12
  0.1024  -0.394E+04  0.3596E+01  0.4058E-05  0.2066E-10 -0.1068E+02    0.0716  0.2850E-12
  0.0990  -0.498E+04  0.3697E+01  0.2696E-05  0.8332E-11 -0.1108E+02    0.0600  0.2969E-12
  0.0962  -0.628E+04  0.3798E+01  0.1790E-05  0.3360E-11 -0.1147E+02    0.0502  0.3070E-12
  0.0938  -0.792E+04  0.3899E+01  0.1188E-05  0.1354E-11 -0.1187E+02    0.0421  0.3155E-12
  0.0918  -0.100E+05  0.4000E+01  0.7888E-06  0.5459E-12 -0.1226E+02    0.0352  0.3226E-12
end
 
  0.3400  -0.100E-05 -0.6000E+01  0.0000E+00  0.5800E-07 -0.7237E+01    1.0000  0.0000E+00
  0.3400  -0.126E-05 -0.5899E+01  0.0000E+00  0.5800E-07 -0.7237E+01    1.0000  0.0000E+00
  0.3400  -0.159E-05 -0.5798E+01  0.0000E+00  0.5800E-07 -0.7237E+01    1.0000  0.0000E+00
  0.3400  -0.201E-05 -0.5697E+01  0.0000E+00  0.5800E-07 -0.7237E+01    1.0000  0.0000E+00
  0.3400  -0.254E-05 -0.5596E+01  0.0000E+00  0.5800E-07 -0.7237E+01    1.0000  0.0000E+00
  0.3400  -0.320E-05 -0.5495E+01  0.0000E+00  0.5800E-07 -0.7237E+01    1.0000  0.0000E+00
  0.3400  -0.404E-05 -0.5394E+01  0.0000E+00  0.5800E-07 -0.7237E+01    1.0000  0.0000E+00
  0.3400  -0.509E-05 -0.5293E+01  0.0000E+00  0.5800E-07 -0.7237E+01    1.0000  0.0000E+00
  0.3400  -0.643E-05 -0.5192E+01  0.0000E+00  0.5800E-07 -0.7237E+01    1.0000  0.0000E+00
  0.3400  -0.811E-05 -0.5091E+01  0.0000E+00  0.5800E-07 -0.7237E+01    1.0000  0.0000E+00
  0.3400  -0.102E-04 -0.4990E+01  0.0000E+00  0.5800E-07 -0.7237E+01    1.0000  0.0000E+00
  0.3400  -0.129E-04 -0.4889E+01  0.0000E+00  0.5800E-07 -0.7237E+01    1.0000  0.0000E+00
  0.3400  -0.163E-04 -0.4788E+01  0.0000E+00  0.5800E-07 -0.7237E+01    1.0000  0.0000E+00
  0.3400  -0.206E-04 -0.4687E+01  0.0000E+00  0.5800E-07 -0.7237E+01    1.0000  0.0000E+00
  0.3400  -0.260E-04 -0.4586E+01  0.0000E+00  0.5800E-07 -0.7237E+01    1.0000  0.0000E+00
  0.3400  -0.327E-04 -0.4485E+01  0.0000E+00  0.5800E-07 -0.7237E+01    1.0000  0.0000E+00
  0.3400  -0.413E-04 -0.4384E+01  0.0000E+00  0.5800E-07 -0.7237E+01    1.0000  0.0000E+00
  0.3400  -0.521E-04 -0.4283E+01  0.0000E+00  0.5800E-07 -0.7237E+01    1.0000  0.0000E+00
  0.3400  -0.658E-04 -0.4182E+01  0.0000E+00  0.5800E-07 -0.7237E+01    1.0000  0.0000E+00
  0.3400  -0.830E-04 -0.4081E+01  0.0000E+00  0.5800E-07 -0.7237E+01    1.0000  0.0000E+00
  0.3400  -0.105E-03 -0.3980E+01  0.0000E+00  0.5800E-07 -0.7237E+01    1.0000  0.0000E+00
  0.3400  -0.132E-03 -0.3879E+01  0.0000E+00  0.5800E-07 -0.7237E+01    1.0000  0.0000E+00
  0.3400  -0.167E-03 -0.3778E+01  0.0000E+00  0.5800E-07 -0.7237E+01    1.0000  0.0000E+00
  0.3400  -0.210E-03 -0.3677E+01  0.0000E+00  0.5800E-07 -0.7237E+01    1.0000  0.0000E+00
  0.3400  -0.266E-03 -0.3576E+01  0.0000E+00  0.5800E-07 -0.7237E+01    1.0000  0.0000E+00
  0.3400  -0.335E-03 -0.3475E+01  0.0000E+00  0.5800E-07 -0.7237E+01    1.0000  0.0000E+00
  0.3400  -0.423E-03 -0.3374E+01  0.0000E+00  0.5800E-07 -0.7237E+01    1.0000  0.0000E+00
  0.3400  -0.534E-03 -0.3273E+01  0.0000E+00  0.5800E-07 -0.7237E+01    1.0000  0.0000E+00
  0.3400  -0.673E-03 -0.3172E+01  0.0000E+00  0.5800E-07 -0.7237E+01    1.0000  0.0000E+00
  0.3400  -0.850E-03 -0.3071E+01  0.0000E+00  0.5800E-07 -0.7237E+01    1.0000  0.0000E+00
  0.3400  -0.107E-02 -0.2970E+01  0.0000E+00  0.5800E-07 -0.7237E+01    1.0000  0.0000E+00
  0.3400  -0.135E-02 -0.2869E+01  0.0000E+00  0.5800E-07 -0.7237E+01    1.0000  0.0000E+00
  0.3400  -0.171E-02 -0.2768E+01  0.0000E+00  0.5800E-07 -0.7237E+01    1.0000  0.0000E+00
  0.3400  -0.215E-02 -0.2667E+01  0.0000E+00  0.5800E-07 -0.7237E+01    1.0000  0.0000E+00
  0.3400  -0.272E-02 -0.2566E+01  0.0000E+00  0.5800E-07 -0.7237E+01    1.0000  0.0000E+00
  0.3400  -0.343E-02 -0.2465E+01  0.0000E+00  0.5800E-07 -0.7237E+01    1.0000  0.0000E+00
  0.3400  -0.433E-02 -0.2364E+01  0.0000E+00  0.5800E-07 -0.7237E+01    1.0000  0.0000E+00
  0.3400  -0.546E-02 -0.2263E+01  0.0000E+00  0.5800E-07 -0.7237E+01    1.0000  0.0000E+00
  0.3400  -0.689E-02 -0.2162E+01  0.0000E+00  0.5800E-07 -0.7237E+01    1.0000  0.0000E+00
  0.3400  -0.870E-02 -0.2061E+01  0.0000E+00  0.5800E-07 -0.7237E+01    1.0000  0.0000E+00
  0.3400  -0.110E-01 -0.1960E+01  0.0000E+00  0.5800E-07 -0.7237E+01    1.0000  0.0000E+00
  0.3400  -0.138E-01 -0.1859E+01  0.0000E+00  0.5800E-07 -0.7237E+01    1.0000  0.0000E+00
  0.3400  -0.175E-01 -0.1758E+01  0.0000E+00  0.5800E-07 -0.7237E+01    1.0000  0.0000E+00
  0.3400  -0.221E-01 -0.1657E+01  0.0000E+00  0.5800E-07 -0.7237E+01    1.0000  0.0000E+00
  0.3400  -0.278E-01 -0.1556E+01  0.0000E+00  0.5800E-07 -0.7237E+01    1.0000  0.0000E+00
  0.3400  -0.351E-01 -0.1455E+01  0.0000E+00  0.5800E-07 -0.7237E+01    1.0000  0.0000E+00
  0.3400  -0.443E-01 -0.1354E+01  0.0000E+00  0.5800E-07 -0.7237E+01    1.0000  0.0000E+00
  0.3400  -0.559E-01 -0.1253E+01  0.0000E+00  0.5800E-07 -0.7237E+01    1.0000  0.0000E+00
  0.3400  -0.705E-01 -0.1152E+01  0.0000E+00  0.5800E-07 -0.7237E+01    1.0000  0.0000E+00
  0.3400  -0.890E-01 -0.1051E+01  0.0000E+00  0.5800E-07 -0.7237E+01    1.0000  0.0000E+00
  0.3400  -0.112E+00 -0.9495E+00  0.0000E+00  0.5800E-07 -0.7237E+01    1.0000  0.0000E+00
  0.3400  -0.142E+00 -0.8485E+00  0.0000E+00  0.5800E-07 -0.7237E+01    1.0000  0.0000E+00
  0.3400  -0.179E+00 -0.7475E+00  0.0000E+00  0.5800E-07 -0.7237E+01    1.0000  0.0000E+00
  0.3400  -0.226E+00 -0.6465E+00  0.0000E+00  0.5800E-07 -0.7237E+01    1.0000  0.0000E+00
  0.3400  -0.285E+00 -0.5455E+00  0.0000E+00  0.5800E-07 -0.7237E+01    1.0000  0.0000E+00
  0.3400  -0.359E+00 -0.4444E+00  0.0000E+00  0.5800E-07 -0.7237E+01    1.0000  0.0000E+00
  0.3400  -0.453E+00 -0.3434E+00  0.0000E+00  0.5800E-07 -0.7237E+01    1.0000  0.0000E+00
  0.3400  -0.572E+00 -0.2424E+00  0.0000E+00  0.5800E-07 -0.7237E+01    1.0000  0.0000E+00
  0.3400  -0.722E+00 -0.1414E+00  0.0000E+00  0.5800E-07 -0.7237E+01    1.0000  0.0000E+00
  0.3400  -0.911E+00 -0.4040E-01  0.0000E+00  0.5800E-07 -0.7237E+01    1.0000  0.0000E+00
  0.3400  -0.115E+01  0.6061E-01  0.0000E+00  0.5800E-07 -0.7237E+01    1.0000  0.0000E+00
  0.3400  -0.145E+01  0.1616E+00  0.0000E+00  0.5800E-07 -0.7237E+01    1.0000  0.0000E+00
  0.3400  -0.183E+01  0.2626E+00  0.0000E+00  0.5800E-07 -0.7237E+01    1.0000  0.0000E+00
  0.3400  -0.231E+01  0.3636E+00  0.0000E+00  0.5800E-07 -0.7237E+01    1.0000  0.0000E+00
  0.3400  -0.292E+01  0.4646E+00  0.0000E+00  0.5800E-07 -0.7237E+01    1.0000  0.0000E+00
  0.3400  -0.368E+01  0.5657E+00  0.0000E+00  0.5800E-07 -0.7237E+01    1.0000  0.0000E+00
  0.3400  -0.464E+01  0.6667E+00  0.0000E+00  0.5800E-07 -0.7237E+01    1.0000  0.0000E+00
  0.3400  -0.586E+01  0.7677E+00  0.0000E+00  0.5800E-07 -0.7237E+01    1.0000  0.0000E+00
  0.3400  -0.739E+01  0.8687E+00  0.0000E+00  0.5800E-07 -0.7237E+01    1.0000  0.0000E+00
  0.3400  -0.933E+01  0.9697E+00  0.0000E+00  0.5800E-07 -0.7237E+01    1.0000  0.0000E+00
  0.3400  -0.118E+02  0.1071E+01  0.0000E+00  0.5800E-07 -0.7237E+01    1.0000  0.0000E+00
  0.3400  -0.148E+02  0.1172E+01  0.0000E+00  0.5800E-07 -0.7237E+01    1.0000  0.0000E+00
  0.3400  -0.187E+02  0.1273E+01  0.0000E+00  0.5800E-07 -0.7237E+01    1.0000  0.0000E+00
  0.3400  -0.236E+02  0.1374E+01  0.0000E+00  0.5800E-07 -0.7237E+01    1.0000  0.0000E+00
  0.3400  -0.298E+02  0.1475E+01  0.0000E+00  0.5800E-07 -0.7237E+01    1.0000  0.0000E+00
  0.3400  -0.376E+02  0.1576E+01  0.0000E+00  0.5800E-07 -0.7237E+01    1.0000  0.0000E+00
  0.3400  -0.475E+02  0.1677E+01  0.0000E+00  0.5800E-07 -0.7237E+01    1.0000  0.0000E+00
  0.3400  -0.599E+02  0.1778E+01  0.1285E-15  0.5800E-07 -0.7237E+01    1.0000  0.0000E+00
  0.3400  -0.756E+02  0.1879E+01  0.5187E-15  0.5800E-07 -0.7237E+01    1.0000  0.0000E+00
  0.3400  -0.955E+02  0.1980E+01  0.2094E-14  0.5800E-07 -0.7237E+01    1.0000  0.0000E+00
  0.3400  -0.120E+03  0.2081E+01  0.8453E-14  0.5800E-07 -0.7237E+01    1.0000  0.0000E+00
  0.3400  -0.152E+03  0.2182E+01  0.3412E-13  0.5800E-07 -0.7237E+01    1.0000  0.0000E+00
  0.3400  -0.192E+03  0.2283E+01  0.1378E-12  0.5800E-07 -0.7237E+01    1.0000  0.0000E+00
  0.3400  -0.242E+03  0.2384E+01  0.5561E-12  0.5800E-07 -0.7237E+01    1.0000  0.0000E+00
  0.3400  -0.305E+03  0.2485E+01  0.2245E-11  0.5800E-07 -0.7237E+01    1.0000  0.0000E+00
  0.3400  -0.385E+03  0.2586E+01  0.9064E-11  0.5800E-07 -0.7237E+01    1.0000  0.0000E+00
  0.3400  -0.486E+03  0.2687E+01  0.3659E-10  0.5800E-07 -0.7237E+01    1.0000  0.0000E+00
  0.3400  -0.614E+03  0.2788E+01  0.1477E-09  0.5800E-07 -0.7237E+01    1.0000  0.0000E+00
  0.3400  -0.774E+03  0.2889E+01  0.5963E-09  0.5800E-07 -0.7237E+01    1.0000  0.2193E-34
  0.3400  -0.977E+03  0.2990E+01  0.2407E-08  0.5800E-07 -0.7237E+01    1.0000  0.6439E-32
  0.3400  -0.123E+04  0.3091E+01  0.9719E-08  0.5800E-07 -0.7237E+01    1.0000  0.1550E-29
  0.3400  -0.156E+04  0.3192E+01  0.3923E-07  0.5798E-07 -0.7237E+01    1.0000  0.3632E-27
  0.3400  -0.196E+04  0.3293E+01  0.1583E-06  0.5792E-07 -0.7237E+01    0.9998  0.8212E-25
  0.3398  -0.248E+04  0.3394E+01  0.6383E-06  0.5767E-07 -0.7239E+01    0.9992  0.1864E-22
  0.3389  -0.313E+04  0.3495E+01  0.2558E-05  0.5666E-07 -0.7247E+01    0.9958  0.4184E-20
  0.3343  -0.394E+04  0.3596E+01  0.9947E-05  0.5266E-07 -0.7278E+01    0.9788  0.8939E-18
  0.3133  -0.498E+04  0.3697E+01  0.3357E-04  0.3922E-07 -0.7407E+01    0.9011  0.1506E-15
  0.2450  -0.628E+04  0.3798E+01  0.6638E-04  0.1397E-07 -0.7855E+01    0.6482  0.1033E-13
  0.1465  -0.792E+04  0.3899E+01  0.4463E-04  0.1240E-08 -0.8907E+01    0.2834  0.1105E-12
  0.0926  -0.100E+05  0.4000E+01  0.1280E-04  0.3797E-10 -0.1042E+02    0.0836  0.2504E-12
end
