 ******* Program HYDRUS
 ******* 
 Esperance                                                               
 Date:  27. 4.    Time:  12:52:34
 Units: L = cm   , T = sec  , M = mmol 


    TLevel      Time          dt      Iter    ItCum  KodT  KodB  Convergency

        1  0.1000000E-04  0.10000E-04    2        2    -4     3     T
        2  0.2000000E-04  0.10000E-04    2        4    -4     3     T
        3  0.3300000E-04  0.13000E-04    2        6    -4     3     T
        4  0.4990000E-04  0.16900E-04    2        8    -4     3     T
        5  0.7186999E-04  0.21970E-04    2       10    -4     3     T
        6  0.1004310E-03  0.28561E-04    2       12    -4     3     T
        7  0.1375603E-03  0.37129E-04    2       14    -4     3     T
        8  0.1858283E-03  0.48268E-04    2       16    -4     3     T
        9  0.2485768E-03  0.62748E-04    2       18    -4     3     T
       10  0.3301499E-03  0.81573E-04    2       20    -4     3     T
       11  0.4361948E-03  0.10604E-03    2       22    -4     3     T
       12  0.5740532E-03  0.13786E-03    2       24    -4     3     T
       13  0.7532692E-03  0.17922E-03    2       26    -4     3     T
       14  0.9862499E-03  0.23298E-03    2       28    -4     3     T
       15  0.1289125E-02  0.30287E-03    2       30    -4     3     T
       16  0.1682862E-02  0.39374E-03    2       32    -4     3     T
       17  0.2194721E-02  0.51186E-03    2       34    -4     3     T
       18  0.2860137E-02  0.66542E-03    2       36    -4     3     T
       19  0.3725178E-02  0.86504E-03    2       38    -4     3     T
       20  0.4849731E-02  0.11246E-02    2       40    -4     3     T
       21  0.6311650E-02  0.14619E-02    2       42    -4     3     T
       22  0.8212144E-02  0.19005E-02    2       44    -4     3     T
       23  0.1068279E-01  0.24706E-02    2       46    -4     3     T
       24  0.1389462E-01  0.32118E-02    2       48    -4     3     T
       25  0.1807001E-01  0.41754E-02    2       50    -4     3     T
       26  0.2349801E-01  0.54280E-02    2       52    -4     3     T
       27  0.3055441E-01  0.70564E-02    2       54    -4     3     T
       28  0.3972773E-01  0.91733E-02    2       56    -4     3     T
       29  0.5165305E-01  0.11925E-01    2       58    -4     3     T
       30  0.6715596E-01  0.15503E-01    2       60    -4     3     T
       31  0.8730975E-01  0.20154E-01    2       62    -4     3     T
       32  0.1135097E+00  0.26200E-01    2       64    -4     3     T
       33  0.1475696E+00  0.34060E-01    2       66    -4     3     T
       34  0.1918474E+00  0.44278E-01    2       68    -4     3     T
       35  0.2494086E+00  0.57561E-01    2       70    -4     3     T
       36  0.3242382E+00  0.74830E-01    2       72    -4     3     T
       37  0.4215167E+00  0.97278E-01    2       74    -4     3     T
       38  0.5479786E+00  0.12646E+00    2       76    -4     3     T
       39  0.7123792E+00  0.16440E+00    2       78    -4     3     T
       40  0.9260999E+00  0.21372E+00    2       80    -4     3     T
       41  0.1203937E+01  0.27784E+00    2       82    -4     3     T
       42  0.1565125E+01  0.36119E+00    2       84    -4     3     T
       43  0.2034669E+01  0.46954E+00    2       86    -4     3     T
       44  0.2645077E+01  0.61041E+00    2       88    -4     3     T
       45  0.3438607E+01  0.79353E+00    2       90    -4     3     T
       46  0.4470196E+01  0.10316E+01    2       92    -4     3     T
       47  0.5811261E+01  0.13411E+01    2       94    -4     3     T
       48  0.7554646E+01  0.17434E+01    2       96    -4     3     T
       49  0.9821047E+01  0.22664E+01    2       98    -4     3     T
       50  0.1276737E+02  0.29463E+01    2      100    -4     3     T
       51  0.1659758E+02  0.38302E+01    2      102    -4     3     T
       52  0.2157687E+02  0.49793E+01    2      104    -4     3     T
       53  0.2804993E+02  0.64731E+01    2      106    -4     3     T
       54  0.3646492E+02  0.84150E+01    2      108    -4     3     T
       55  0.4685770E+02  0.10393E+02    2      110    -4     3     T
       56  0.6071475E+02  0.13857E+02    2      112    -4     3     T
       57  0.7803606E+02  0.17321E+02    2      114    -4     3     T
       58  0.1040180E+03  0.25982E+02    2      116    -4     3     T
       59  0.1300000E+03  0.25982E+02    2      118    -4     3     T
       60  0.1625000E+03  0.32500E+02    2      120    -4     3     T
       61  0.2112500E+03  0.48750E+02    2      122    -4     3     T
       62  0.2600000E+03  0.48750E+02    2      124    -4     3     T
       63  0.3250000E+03  0.65000E+02    2      126    -4     3     T
       64  0.3900000E+03  0.65000E+02    2      128    -4     3     T
       65  0.4555000E+03  0.65500E+02    2      130    -4     3     T
       66  0.5210000E+03  0.65500E+02    2      132    -4     3     T
       67  0.6510000E+03  0.13000E+03    2      134    -4     3     T
       68  0.7810000E+03  0.13000E+03    2      136    -4     3     T
       69  0.9110000E+03  0.13000E+03    2      138    -4     3     T
       70  0.1041000E+04  0.13000E+03    2      140    -4     3     T
       71  0.1172000E+04  0.13100E+03    2      142    -4     3     T
       72  0.1302000E+04  0.13000E+03    2      144    -4     3     T
       73  0.1432000E+04  0.13000E+03    2      146    -4     3     T
       74  0.1562000E+04  0.13000E+03    2      148    -4     3     T
       75  0.1692000E+04  0.13000E+03    2      150    -4     3     T
       76  0.1823000E+04  0.13100E+03    2      152    -4     3     T
       77  0.1953000E+04  0.13000E+03    2      154    -4     3     T
       78  0.2083000E+04  0.13000E+03    2      156    -4     3     T
       79  0.2213000E+04  0.13000E+03    2      158    -4     3     T
       80  0.2343000E+04  0.13000E+03    2      160    -4     3     T
       81  0.2473000E+04  0.13000E+03    2      162    -4     3     T
       82  0.2604000E+04  0.13100E+03    2      164    -4     3     T
       83  0.2734000E+04  0.13000E+03    2      166    -4     3     T
       84  0.2864000E+04  0.13000E+03    2      168    -4     3     T
       85  0.2994000E+04  0.13000E+03    2      170    -4     3     T
       86  0.3124000E+04  0.13000E+03    2      172    -4     3     T
       87  0.3255000E+04  0.13100E+03    2      174    -4     3     T
       88  0.3385000E+04  0.13000E+03    2      176    -4     3     T
       89  0.3515000E+04  0.13000E+03    2      178    -4     3     T
       90  0.3645000E+04  0.13000E+03    2      180    -4     3     T
       91  0.3776000E+04  0.13100E+03    2      182    -4     3     T
       92  0.3906000E+04  0.13000E+03    2      184    -4     3     T
       93  0.4036000E+04  0.13000E+03    2      186    -4     3     T
       94  0.4166000E+04  0.13000E+03    2      188    -4     3     T
       95  0.4296000E+04  0.13000E+03    2      190    -4     3     T
       96  0.4426000E+04  0.13000E+03    2      192    -4     3     T
       97  0.4557000E+04  0.13100E+03    2      194    -4     3     T
       98  0.4687000E+04  0.13000E+03    2      196    -4     3     T
       99  0.4817000E+04  0.13000E+03    2      198    -4     3     T
      100  0.4947000E+04  0.13000E+03    2      200    -4     3     T
      101  0.5077000E+04  0.13000E+03    2      202    -4     3     T
      102  0.5208000E+04  0.13100E+03    2      204    -4     3     T
      103  0.5338000E+04  0.13000E+03    2      206    -4     3     T
      104  0.5468000E+04  0.13000E+03    2      208    -4     3     T
      105  0.5598000E+04  0.13000E+03    2      210    -4     3     T
      106  0.5738000E+04  0.14000E+03    2      212    -4     3     T
      107  0.5908000E+04  0.17000E+03    2      214    -4     3     T
      108  0.6119000E+04  0.21100E+03    2      216    -4     3     T
      109  0.6289000E+04  0.17000E+03    2      218    -4     3     T
      110  0.6519000E+04  0.23000E+03    2      220    -4     3     T
      111  0.6729000E+04  0.21000E+03    2      222    -4     3     T
      112  0.6940000E+04  0.21100E+03    2      224    -4     3     T
      113  0.7210000E+04  0.27000E+03    2      226    -4     3     T
      114  0.7441000E+04  0.23100E+03    2      228    -4     3     T
      115  0.7701000E+04  0.26000E+03    2      230    -4     3     T
      116  0.8081000E+04  0.38000E+03    2      232    -4     3     T
      117  0.8482000E+04  0.40100E+03    2      234    -4     3     T
      118  0.8832000E+04  0.35000E+03    2      236    -4     3     T
      119  0.9333000E+04  0.50100E+03    2      238    -4     3     T
      120  0.9904000E+04  0.57100E+03    2      240    -4     3     T
      121  0.1033950E+05  0.43550E+03    2      242    -4     3     T
      122  0.1077500E+05  0.43550E+03    2      244    -4     3     T
      123  0.1137100E+05  0.59600E+03    2      246    -4     3     T
      124  0.1196700E+05  0.59600E+03    2      248    -4     3     T
      125  0.1250525E+05  0.53825E+03    2      250    -4     3     T
      126  0.1304350E+05  0.53825E+03    2      252    -4     3     T
      127  0.1358175E+05  0.53825E+03    2      254    -4     3     T
      128  0.1412000E+05  0.53825E+03    2      256    -4     3     T
      129  0.1472000E+05  0.60000E+03    2      258    -4     3     T
      130  0.1532000E+05  0.60000E+03    2      260    -4     3     T
      131  0.1571650E+05  0.39650E+03    2      262    -4     3     T
      132  0.1611300E+05  0.39650E+03    2      264    -4     3     T
      133  0.1611300E+05  0.10000E-04    2      266    -4     3     T
      134  0.1611300E+05  0.13000E-04    4      270    -4     3     T
      135  0.1611300E+05  0.13000E-04    2      272    -4     3     T
      136  0.1611300E+05  0.16900E-04    2      274    -4     3     T
      137  0.1611300E+05  0.21970E-04    4      278    -4     3     T
      138  0.1611300E+05  0.21970E-04    2      280    -4     3     T
      139  0.1611300E+05  0.28561E-04    2      282    -4     3     T
      140  0.1611300E+05  0.37129E-04    2      284    -4     3     T
      141  0.1611300E+05  0.48268E-04    5      289    -4     3     T
      142  0.1611300E+05  0.48268E-04    2      291    -4     3     T
      143  0.1611300E+05  0.62748E-04    2      293    -4     3     T
      144  0.1611300E+05  0.81573E-04    2      295    -4     3     T
      145  0.1611300E+05  0.10604E-03    2      297    -4     3     T
      146  0.1611300E+05  0.13786E-03    2      299    -4     3     T
      147  0.1611300E+05  0.17922E-03    2      301    -4     3     T
      148  0.1611300E+05  0.23298E-03    2      303    -4     3     T
      149  0.1611300E+05  0.30287E-03    2      305    -4     3     T
      150  0.1611300E+05  0.39374E-03    2      307    -4     3     T
      151  0.1611300E+05  0.51186E-03    2      309    -4     3     T
      152  0.1611300E+05  0.66542E-03    2      311    -4     3     T
      153  0.1611300E+05  0.86504E-03    2      313    -4     3     T
      154  0.1611300E+05  0.11246E-02    2      315    -4     3     T
      155  0.1611301E+05  0.14619E-02    2      317    -4     3     T
      156  0.1611301E+05  0.19005E-02    2      319    -4     3     T
      157  0.1611301E+05  0.24706E-02    2      321    -4     3     T
      158  0.1611301E+05  0.32118E-02    2      323    -4     3     T
      159  0.1611302E+05  0.41754E-02    2      325    -4     3     T
      160  0.1611302E+05  0.54280E-02    2      327    -4     3     T
      161  0.1611303E+05  0.70564E-02    2      329    -4     3     T
      162  0.1611304E+05  0.91733E-02    2      331    -4     3     T
      163  0.1611305E+05  0.11925E-01    2      333    -4     3     T
      164  0.1611307E+05  0.15503E-01    2      335    -4     3     T
      165  0.1611309E+05  0.20154E-01    2      337    -4     3     T
      166  0.1611311E+05  0.26200E-01    2      339    -4     3     T
      167  0.1611315E+05  0.34060E-01    2      341    -4     3     T
      168  0.1611319E+05  0.44278E-01    2      343    -4     3     T
      169  0.1611325E+05  0.57561E-01    2      345    -4     3     T
      170  0.1611332E+05  0.74830E-01    2      347    -4     3     T
      171  0.1611342E+05  0.97278E-01    2      349    -4     3     T
      172  0.1611355E+05  0.12646E+00    2      351    -4     3     T
      173  0.1611371E+05  0.16440E+00    2      353    -4     3     T
      174  0.1611393E+05  0.21372E+00    2      355    -4     3     T
      175  0.1611420E+05  0.27784E+00    2      357    -4     3     T
      176  0.1611457E+05  0.36119E+00    2      359    -4     3     T
      177  0.1611503E+05  0.46954E+00    2      361    -4     3     T
      178  0.1611565E+05  0.61041E+00    2      363    -4     3     T
      179  0.1611644E+05  0.79353E+00    2      365    -4     3     T
      180  0.1611747E+05  0.10316E+01    2      367    -4     3     T
      181  0.1611881E+05  0.13411E+01    2      369    -4     3     T
      182  0.1612055E+05  0.17434E+01    2      371    -4     3     T
      183  0.1612282E+05  0.22664E+01    2      373    -4     3     T
      184  0.1612577E+05  0.29463E+01    2      375    -4     3     T
      185  0.1612960E+05  0.38302E+01    2      377    -4     3     T
      186  0.1613458E+05  0.49793E+01    2      379    -4     3     T
      187  0.1614105E+05  0.64731E+01    2      381    -4     3     T
      188  0.1614946E+05  0.84150E+01    2      383    -4     3     T
      189  0.1616040E+05  0.10939E+02    2      385    -4     3     T
      190  0.1617463E+05  0.14221E+02    2      387    -4     3     T
      191  0.1619311E+05  0.18488E+02    2      389    -4     3     T
      192  0.1621715E+05  0.24034E+02    2      391    -4     3     T
      193  0.1624839E+05  0.31244E+02    2      393    -4     3     T
      194  0.1628901E+05  0.40618E+02    2      395    -4     3     T
      195  0.1634181E+05  0.52803E+02    2      397    -4     3     T
      196  0.1641046E+05  0.68644E+02    3      400    -4     3     T
      197  0.1649969E+05  0.89237E+02    4      404    -4     3     T
      198  0.1658893E+05  0.89237E+02    6      410    -4     3     T
      199  0.1661867E+05  0.29746E+02    6      426    -4     3     T
      200  0.1664842E+05  0.29746E+02    4      430    -4     3     T
      201  0.1667817E+05  0.29746E+02    4      434    -4     3     T
      202  0.1670791E+05  0.29746E+02    3      437    -4     3     T
      203  0.1674658E+05  0.38669E+02    6      443    -4     3     T
      204  0.1678525E+05  0.38669E+02    8      451    -4     3     T
      205  0.1679427E+05  0.90228E+01    5      466    -4     3     T
      206  0.1680330E+05  0.90228E+01    2      468    -4     3     T
      207  0.1681503E+05  0.11730E+02    3      471    -4     3     T
      208  0.1683027E+05  0.15249E+02    2      473    -4     3     T
      209  0.1685010E+05  0.19823E+02    2      475    -4     3     T
      210  0.1687587E+05  0.25770E+02    2      477    -4     3     T
      211  0.1690937E+05  0.33501E+02    2      479    -4     3     T
      212  0.1695292E+05  0.43551E+02    3      482    -4     3     T
      213  0.1700954E+05  0.56617E+02    2      484    -4     3     T
      214  0.1703407E+05  0.24534E+02    4      498    -4     3     T
      215  0.1705860E+05  0.24534E+02    2      500    -4     3     T
      216  0.1709050E+05  0.31894E+02    8      508    -4     3     T
      217  0.1711282E+05  0.22326E+02    2      510    -4     3     T
      218  0.1714185E+05  0.29024E+02    8      518    -4     3     T
      219  0.1716216E+05  0.20317E+02    3      521    -4     3     T
      220  0.1718858E+05  0.26412E+02    8      529    -4     3     T
      221  0.1720706E+05  0.18488E+02    4      533    -4     3     T
      222  0.1722555E+05  0.18488E+02    2      535    -4     3     T
      223  0.1724959E+05  0.24035E+02    3      538    -4     3     T
      224  0.1728083E+05  0.31245E+02    5      543    -4     3     T
      225  0.1731208E+05  0.31245E+02    2      545    -4     3     T
      226  0.1735269E+05  0.40618E+02    3      548    -4     3     T
      227  0.1740550E+05  0.52804E+02    2      550    -4     3     T
      228  0.1747414E+05  0.68645E+02    3      553    -4     3     T
      229  0.1750389E+05  0.29746E+02    2      565    -4     3     T
      230  0.1754256E+05  0.38670E+02    2      567    -4     3     T
      231  0.1759283E+05  0.50271E+02    4      571    -4     3     T
      232  0.1764310E+05  0.50271E+02    4      575    -4     3     T
      233  0.1769337E+05  0.50271E+02    2      577    -4     3     T
      234  0.1775872E+05  0.65352E+02    4      581    -4     3     T
      235  0.1782695E+05  0.68228E+02    2      583    -4     3     T
      236  0.1785619E+05  0.29240E+02    2      595    -4     3     T
      237  0.1789421E+05  0.38012E+02    2      597    -4     3     T
      238  0.1794362E+05  0.49416E+02    5      602    -4     3     T
      239  0.1799336E+05  0.49738E+02    2      604    -4     3     T
      240  0.1801468E+05  0.21316E+02    2      616    -4     3     T
      241  0.1804239E+05  0.27711E+02    2      618    -4     3     T
      242  0.1807841E+05  0.36024E+02    5      623    -4     3     T
      243  0.1811467E+05  0.36259E+02    2      625    -4     3     T
      244  0.1816129E+05  0.46619E+02    5      630    -4     3     T
      245  0.1820791E+05  0.46619E+02    2      632    -4     3     T
      246  0.1826618E+05  0.58273E+02    6      638    -4     3     T
      247  0.1832445E+05  0.58273E+02    3      641    -4     3     T
      248  0.1844100E+05  0.11655E+03    2      643    -4     3     T
      249  0.1857200E+05  0.13100E+03    2      645    -4     3     T
      250  0.1870200E+05  0.13000E+03    2      647    -4     3     T
      251  0.1883700E+05  0.13500E+03    7      654    -4     3     T
      252  0.1897700E+05  0.14000E+03    4      658    -4     3     T
      253  0.1911700E+05  0.14000E+03    2      660    -4     3     T
      254  0.1926800E+05  0.15100E+03    5      665    -4     3     T
      255  0.1941800E+05  0.15000E+03    8      673    -4     3     T
      256  0.1949300E+05  0.75000E+02    2      675    -4     3     T
      257  0.1956800E+05  0.75000E+02    4      679    -4     3     T
      258  0.1964300E+05  0.75000E+02    3      682    -4     3     T
      259  0.1971800E+05  0.75000E+02    3      685    -4     3     T
      260  0.1986800E+05  0.15000E+03    9      694    -4     3     T
      261  0.1994350E+05  0.75500E+02    2      696    -4     3     T
      262  0.2001900E+05  0.75500E+02    2      698    -4     3     T
      263  0.2016900E+05  0.15000E+03    2      700    -4     3     T
      264  0.2031900E+05  0.15000E+03    4      704    -4     3     T
      265  0.2046900E+05  0.15000E+03    2      706    -4     3     T
      266  0.2061900E+05  0.15000E+03    2      708    -4     3     T
      267  0.2077000E+05  0.15100E+03    2      710    -4     3     T
      268  0.2092000E+05  0.15000E+03    2      712    -4     3     T
      269  0.2107000E+05  0.15000E+03    3      715    -4     3     T
      270  0.2122000E+05  0.15000E+03    2      717    -4     3     T
      271  0.2137000E+05  0.15000E+03    2      719    -4     3     T
      272  0.2152100E+05  0.15100E+03    2      721    -4     3     T
      273  0.2167100E+05  0.15000E+03    2      723    -4     3     T
      274  0.2182100E+05  0.15000E+03    2      725    -4     3     T
      275  0.2197100E+05  0.15000E+03    4      729    -4     3     T
      276  0.2212100E+05  0.15000E+03    2      731    -4     3     T
      277  0.2227200E+05  0.15100E+03    2      733    -4     3     T
      278  0.2242200E+05  0.15000E+03    2      735    -4     3     T
      279  0.2257200E+05  0.15000E+03    3      738    -4     3     T
      280  0.2272200E+05  0.15000E+03    3      741    -4     3     T
      281  0.2287300E+05  0.15100E+03    4      745    -4     3     T
      282  0.2302300E+05  0.15000E+03    2      747    -4     3     T
      283  0.2317300E+05  0.15000E+03    2      749    -4     3     T
      284  0.2332300E+05  0.15000E+03    2      751    -4     3     T
      285  0.2347300E+05  0.15000E+03    2      753    -4     3     T
      286  0.2362400E+05  0.15100E+03    2      755    -4     3     T
      287  0.2377400E+05  0.15000E+03    2      757    -4     3     T
      288  0.2395400E+05  0.18000E+03    2      759    -4     3     T
      289  0.2413400E+05  0.18000E+03    2      761    -4     3     T
      290  0.2431400E+05  0.18000E+03    2      763    -4     3     T
      291  0.2449500E+05  0.18100E+03    4      767    -4     3     T
      292  0.2470500E+05  0.21000E+03    2      769    -4     3     T
      293  0.2491500E+05  0.21000E+03    2      771    -4     3     T
      294  0.2512600E+05  0.21100E+03    2      773    -4     3     T
      295  0.2536600E+05  0.24000E+03    2      775    -4     3     T
      296  0.2560600E+05  0.24000E+03    2      777    -4     3     T
      297  0.2584700E+05  0.24100E+03    2      779    -4     3     T
      298  0.2611700E+05  0.27000E+03    2      781    -4     3     T
      299  0.2638700E+05  0.27000E+03    2      783    -4     3     T
      300  0.2668800E+05  0.30100E+03    2      785    -4     3     T
      301  0.2695800E+05  0.27000E+03    2      787    -4     3     T
      302  0.2728900E+05  0.33100E+03    2      789    -4     3     T
      303  0.2761900E+05  0.33000E+03    2      791    -4     3     T
      304  0.2795000E+05  0.33100E+03    2      793    -4     3     T
      305  0.2834000E+05  0.39000E+03    2      795    -4     3     T
      306  0.2870100E+05  0.36100E+03    2      797    -4     3     T
      307  0.2930100E+05  0.60000E+03    2      799    -4     3     T
      308  0.2990100E+05  0.60000E+03    2      801    -4     3     T
      309  0.3020150E+05  0.30050E+03    2      803    -4     3     T
      310  0.3050200E+05  0.30050E+03    2      805    -4     3     T
      311  0.3110200E+05  0.60000E+03    2      807    -4     3     T
      312  0.3170200E+05  0.60000E+03    2      809    -4     3     T
      313  0.3230200E+05  0.60000E+03    2      811    -4     3     T
      314  0.3275200E+05  0.45000E+03    2      813    -4     3     T
      315  0.3320200E+05  0.45000E+03    2      815    -4     3     T
      316  0.3365200E+05  0.45000E+03    2      817    -4     3     T
      317  0.3410200E+05  0.45000E+03    2      819    -4     3     T
      318  0.3455250E+05  0.45050E+03    2      821    -4     3     T
      319  0.3500300E+05  0.45050E+03    2      823    -4     3     T
      320  0.3545300E+05  0.45000E+03    2      825    -4     3     T
      321  0.3590300E+05  0.45000E+03    2      827    -4     3     T
      322  0.3635300E+05  0.45000E+03    2      829    -4     3     T
      323  0.3680300E+05  0.45000E+03    2      831    -4     3     T
      324  0.3725300E+05  0.45000E+03    2      833    -4     3     T
      325  0.3770300E+05  0.45000E+03    2      835    -4     3     T
      326  0.3830300E+05  0.60000E+03    2      837    -4     3     T
      327  0.3890300E+05  0.60000E+03    2      839    -4     3     T
      328  0.3950300E+05  0.60000E+03    2      841    -4     3     T
      329  0.3980350E+05  0.30050E+03    2      843    -4     3     T
      330  0.4010400E+05  0.30050E+03    2      845    -4     3     T
      331  0.4070400E+05  0.60000E+03    2      847    -4     3     T
      332  0.4130400E+05  0.60000E+03    2      849    -4     3     T
      333  0.4180433E+05  0.50033E+03    2      851    -4     3     T
      334  0.4230467E+05  0.50033E+03    2      853    -4     3     T
      335  0.4280500E+05  0.50033E+03    2      855    -4     3     T
      336  0.4330500E+05  0.50000E+03    2      857    -4     3     T
      337  0.4380500E+05  0.50000E+03    2      859    -4     3     T
      338  0.4430500E+05  0.50000E+03    2      861    -4     3     T
      339  0.4490500E+05  0.60000E+03    2      863    -4     3     T
      340  0.4550500E+05  0.60000E+03    2      865    -4     3     T
      341  0.4610500E+05  0.60000E+03    2      867    -4     3     T
      342  0.4670500E+05  0.60000E+03    2      869    -4     3     T
      343  0.4730500E+05  0.60000E+03    2      871    -4     3     T
      344  0.4760550E+05  0.30050E+03    2      873    -4     3     T
      345  0.4790600E+05  0.30050E+03    2      875    -4     3     T
      346  0.4843100E+05  0.52500E+03    2      877    -4     3     T
      347  0.4895600E+05  0.52500E+03    2      879    -4     3     T
      348  0.4948100E+05  0.52500E+03    2      881    -4     3     T
      349  0.5000600E+05  0.52500E+03    2      883    -4     3     T
      350  0.5060600E+05  0.60000E+03    2      885    -4     3     T
      351  0.5120600E+05  0.60000E+03    2      887    -4     3     T
      352  0.5159250E+05  0.38650E+03    2      889    -4     3     T
      353  0.5197900E+05  0.38650E+03    2      891    -4     3     T
      354  0.5210700E+05  0.12800E+03    2      893    -4     3     T
      355  0.5264720E+05  0.54020E+03    2      895    -4     3     T
      356  0.5318740E+05  0.54020E+03    2      897    -4     3     T
      357  0.5372760E+05  0.54020E+03    2      899    -4     3     T
      358  0.5426780E+05  0.54020E+03    2      901    -4     3     T
      359  0.5480800E+05  0.54020E+03    2      903    -4     3     T
      360  0.5534820E+05  0.54020E+03    2      905    -4     3     T
      361  0.5588840E+05  0.54020E+03    2      907    -4     3     T
      362  0.5642860E+05  0.54020E+03    2      909    -4     3     T
      363  0.5696880E+05  0.54020E+03    2      911    -4     3     T
      364  0.5750900E+05  0.54020E+03    2      913    -4     3     T
      365  0.5810900E+05  0.60000E+03    2      915    -4     3     T
      366  0.5870900E+05  0.60000E+03    2      917    -4     3     T
      367  0.5930900E+05  0.60000E+03    2      919    -4     3     T
      368  0.5990900E+05  0.60000E+03    2      921    -4     3     T
      369  0.6020950E+05  0.30050E+03    2      923    -4     3     T
      370  0.6051000E+05  0.30050E+03    2      925    -4     3     T
      371  0.6111000E+05  0.60000E+03    2      927    -4     3     T
      372  0.6171000E+05  0.60000E+03    2      929    -4     3     T
      373  0.6231000E+05  0.60000E+03    2      931    -4     3     T
      374  0.6291000E+05  0.60000E+03    2      933    -4     3     T
      375  0.6351000E+05  0.60000E+03    2      935    -4     3     T
      376  0.6411000E+05  0.60000E+03    2      937    -4     3     T
      377  0.6466729E+05  0.55729E+03    2      939    -4     3     T
      378  0.6522457E+05  0.55729E+03    2      941    -4     3     T
      379  0.6578186E+05  0.55729E+03    2      943    -4     3     T
      380  0.6633914E+05  0.55729E+03    2      945    -4     3     T
      381  0.6689643E+05  0.55729E+03    2      947    -4     3     T
      382  0.6745371E+05  0.55729E+03    2      949    -4     3     T
      383  0.6801100E+05  0.55729E+03    2      951    -4     3     T
      384  0.6857363E+05  0.56262E+03    2      953    -4     3     T
      385  0.6913625E+05  0.56262E+03    2      955    -4     3     T
      386  0.6969888E+05  0.56262E+03    2      957    -4     3     T
      387  0.7026150E+05  0.56262E+03    2      959    -4     3     T
      388  0.7082413E+05  0.56262E+03    2      961    -4     3     T
      389  0.7138675E+05  0.56262E+03    2      963    -4     3     T
      390  0.7194938E+05  0.56262E+03    2      965    -4     3     T
      391  0.7251200E+05  0.56262E+03    2      967    -4     3     T
      392  0.7307878E+05  0.56678E+03    2      969    -4     3     T
      393  0.7364556E+05  0.56678E+03    2      971    -4     3     T
      394  0.7421233E+05  0.56678E+03    2      973    -4     3     T
      395  0.7477911E+05  0.56678E+03    2      975    -4     3     T
      396  0.7534589E+05  0.56678E+03    2      977    -4     3     T
      397  0.7591267E+05  0.56678E+03    2      979    -4     3     T
      398  0.7647944E+05  0.56678E+03    2      981    -4     3     T
      399  0.7704622E+05  0.56678E+03    2      983    -4     3     T
      400  0.7761300E+05  0.56678E+03    2      985    -4     3     T
      401  0.7821300E+05  0.60000E+03    2      987    -4     3     T
      402  0.7881300E+05  0.60000E+03    2      989    -4     3     T
      403  0.7941300E+05  0.60000E+03    2      991    -4     3     T
      404  0.8001300E+05  0.60000E+03    2      993    -4     3     T
      405  0.8061300E+05  0.60000E+03    2      995    -4     3     T
      406  0.8121300E+05  0.60000E+03    2      997    -4     3     T
      407  0.8181300E+05  0.60000E+03    2      999    -4     3     T
      408  0.8241300E+05  0.60000E+03    2     1001    -4     3     T
      409  0.8271350E+05  0.30050E+03    2     1003    -4     3     T
      410  0.8301400E+05  0.30050E+03    2     1005    -4     3     T
      411  0.8361400E+05  0.60000E+03    2     1007    -4     3     T
      412  0.8418420E+05  0.57020E+03    2     1009    -4     3     T
      413  0.8475440E+05  0.57020E+03    2     1011    -4     3     T
      414  0.8532460E+05  0.57020E+03    2     1013    -4     3     T
      415  0.8589480E+05  0.57020E+03    2     1015    -4     3     T
      416  0.8646500E+05  0.57020E+03    2     1017    -4     3     T
      417  0.8703520E+05  0.57020E+03    2     1019    -4     3     T
      418  0.8760540E+05  0.57020E+03    2     1021    -4     3     T
      419  0.8817560E+05  0.57020E+03    2     1023    -4     3     T
      420  0.8874580E+05  0.57020E+03    2     1025    -4     3     T
      421  0.8931600E+05  0.57020E+03    2     1027    -4     3     T
      422  0.8991600E+05  0.60000E+03    2     1029    -4     3     T
      423  0.9048620E+05  0.57020E+03    2     1031    -4     3     T
      424  0.9105640E+05  0.57020E+03    2     1033    -4     3     T
      425  0.9162660E+05  0.57020E+03    2     1035    -4     3     T
      426  0.9219680E+05  0.57020E+03    2     1037    -4     3     T
      427  0.9276700E+05  0.57020E+03    2     1039    -4     3     T
      428  0.9333720E+05  0.57020E+03    2     1041    -4     3     T
      429  0.9390740E+05  0.57020E+03    2     1043    -4     3     T
      430  0.9447760E+05  0.57020E+03    2     1045    -4     3     T
      431  0.9504780E+05  0.57020E+03    2     1047    -4     3     T
      432  0.9561800E+05  0.57020E+03    2     1049    -4     3     T
      433  0.9621800E+05  0.60000E+03    2     1051    -4     3     T
      434  0.9681800E+05  0.60000E+03    2     1053    -4     3     T
      435  0.9741800E+05  0.60000E+03    2     1055    -4     3     T
      436  0.9798820E+05  0.57020E+03    2     1057    -4     3     T
      437  0.9855840E+05  0.57020E+03    2     1059    -4     3     T
      438  0.9912860E+05  0.57020E+03    2     1061    -4     3     T
      439  0.9969880E+05  0.57020E+03    2     1063    -4     3     T
      440  0.1002690E+06  0.57020E+03    2     1065    -4     3     T
      441  0.1008392E+06  0.57020E+03    2     1067    -4     3     T
      442  0.1014094E+06  0.57020E+03    2     1069    -4     3     T
      443  0.1019796E+06  0.57020E+03    2     1071    -4     3     T
      444  0.1025498E+06  0.57020E+03    2     1073    -4     3     T
      445  0.1031200E+06  0.57020E+03    2     1075    -4     3     T
      446  0.1035390E+06  0.41900E+03    2     1077    -4     3     T
      447  0.1039580E+06  0.41900E+03    2     1079    -4     3     T
      448  0.1045580E+06  0.60000E+03    2     1081    -4     3     T
      449  0.1051580E+06  0.60000E+03    2     1083    -4     3     T
      450  0.1057580E+06  0.60000E+03    2     1085    -4     3     T
      451  0.1063580E+06  0.60000E+03    2     1087    -4     3     T
      452  0.1069580E+06  0.60000E+03    2     1089    -4     3     T
      453  0.1075580E+06  0.60000E+03    2     1091    -4     3     T
      454  0.1081580E+06  0.60000E+03    2     1093    -4     3     T
      455  0.1087580E+06  0.60000E+03    2     1095    -4     3     T
      456  0.1093580E+06  0.60000E+03    2     1097    -4     3     T
      457  0.1099580E+06  0.60000E+03    2     1099    -4     3     T
      458  0.1102900E+06  0.33200E+03    2     1101    -4     3     T
      459  0.1106220E+06  0.33200E+03    2     1103    -4     3     T
      460  0.1112220E+06  0.60000E+03    2     1105    -4     3     T
      461  0.1118220E+06  0.60000E+03    2     1107    -4     3     T
      462  0.1124220E+06  0.60000E+03    2     1109    -4     3     T
      463  0.1130220E+06  0.60000E+03    2     1111    -4     3     T
      464  0.1135922E+06  0.57020E+03    2     1113    -4     3     T
      465  0.1141624E+06  0.57020E+03    2     1115    -4     3     T
      466  0.1147326E+06  0.57020E+03    2     1117    -4     3     T
      467  0.1153028E+06  0.57020E+03    2     1119    -4     3     T
      468  0.1158730E+06  0.57020E+03    2     1121    -4     3     T
      469  0.1164432E+06  0.57020E+03    2     1123    -4     3     T
      470  0.1170134E+06  0.57020E+03    2     1125    -4     3     T
      471  0.1175836E+06  0.57020E+03    2     1127    -4     3     T
      472  0.1181538E+06  0.57020E+03    2     1129    -4     3     T
      473  0.1187240E+06  0.57020E+03    2     1131    -4     3     T
      474  0.1193240E+06  0.60000E+03    2     1133    -4     3     T
      475  0.1199240E+06  0.60000E+03    2     1135    -4     3     T
      476  0.1205240E+06  0.60000E+03    2     1137    -4     3     T
      477  0.1211240E+06  0.60000E+03    2     1139    -4     3     T
      478  0.1217240E+06  0.60000E+03    2     1141    -4     3     T
      479  0.1223240E+06  0.60000E+03    2     1143    -4     3     T
      480  0.1229240E+06  0.60000E+03    2     1145    -4     3     T
      481  0.1235240E+06  0.60000E+03    2     1147    -4     3     T
      482  0.1241240E+06  0.60000E+03    2     1149    -4     3     T
      483  0.1247240E+06  0.60000E+03    2     1151    -4     3     T
      484  0.1253240E+06  0.60000E+03    2     1153    -4     3     T
      485  0.1259240E+06  0.60000E+03    2     1155    -4     3     T
      486  0.1262255E+06  0.30150E+03    2     1157    -4     3     T
      487  0.1265270E+06  0.30150E+03    2     1159    -4     3     T
      488  0.1271270E+06  0.60000E+03    2     1161    -4     3     T
      489  0.1277270E+06  0.60000E+03    2     1163    -4     3     T
      490  0.1283270E+06  0.60000E+03    2     1165    -4     3     T
      491  0.1289270E+06  0.60000E+03    2     1167    -4     3     T
      492  0.1295270E+06  0.60000E+03    2     1169    -4     3     T
      493  0.1301270E+06  0.60000E+03    2     1171    -4     3     T
      494  0.1307270E+06  0.60000E+03    2     1173    -4     3     T
      495  0.1313270E+06  0.60000E+03    2     1175    -4     3     T
      496  0.1319270E+06  0.60000E+03    2     1177    -4     3     T
      497  0.1325270E+06  0.60000E+03    2     1179    -4     3     T
      498  0.1331270E+06  0.60000E+03    2     1181    -4     3     T
      499  0.1337270E+06  0.60000E+03    2     1183    -4     3     T
      500  0.1343270E+06  0.60000E+03    2     1185    -4     3     T
      501  0.1346280E+06  0.30100E+03    2     1187    -4     3     T
      502  0.1349290E+06  0.30100E+03    2     1189    -4     3     T
      503  0.1355290E+06  0.60000E+03    2     1191    -4     3     T
      504  0.1361290E+06  0.60000E+03    2     1193    -4     3     T
      505  0.1367290E+06  0.60000E+03    2     1195    -4     3     T
      506  0.1373290E+06  0.60000E+03    2     1197    -4     3     T
      507  0.1379290E+06  0.60000E+03    2     1199    -4     3     T
      508  0.1385290E+06  0.60000E+03    2     1201    -4     3     T
      509  0.1391290E+06  0.60000E+03    2     1203    -4     3     T
      510  0.1397290E+06  0.60000E+03    2     1205    -4     3     T
      511  0.1403290E+06  0.60000E+03    2     1207    -4     3     T
      512  0.1409290E+06  0.60000E+03    2     1209    -4     3     T
      513  0.1415290E+06  0.60000E+03    2     1211    -4     3     T
      514  0.1421290E+06  0.60000E+03    2     1213    -4     3     T
      515  0.1427290E+06  0.60000E+03    2     1215    -4     3     T
      516  0.1430305E+06  0.30150E+03    2     1217    -4     3     T
      517  0.1433320E+06  0.30150E+03    2     1219    -4     3     T
      518  0.1439320E+06  0.60000E+03    2     1221    -4     3     T
      519  0.1445320E+06  0.60000E+03    2     1223    -4     3     T
      520  0.1451320E+06  0.60000E+03    2     1225    -4     3     T
      521  0.1457320E+06  0.60000E+03    2     1227    -4     3     T
      522  0.1463023E+06  0.57030E+03    2     1229    -4     3     T
      523  0.1468726E+06  0.57030E+03    2     1231    -4     3     T
      524  0.1474429E+06  0.57030E+03    2     1233    -4     3     T
      525  0.1480132E+06  0.57030E+03    2     1235    -4     3     T
      526  0.1485835E+06  0.57030E+03    2     1237    -4     3     T
      527  0.1491538E+06  0.57030E+03    2     1239    -4     3     T
      528  0.1497241E+06  0.57030E+03    2     1241    -4     3     T
      529  0.1502944E+06  0.57030E+03    2     1243    -4     3     T
      530  0.1508647E+06  0.57030E+03    2     1245    -4     3     T
      531  0.1514350E+06  0.57030E+03    2     1247    -4     3     T
      532  0.1519978E+06  0.56275E+03    2     1249    -4     3     T
      533  0.1525605E+06  0.56275E+03    2     1251    -4     3     T
      534  0.1531233E+06  0.56275E+03    2     1253    -4     3     T
      535  0.1536860E+06  0.56275E+03    2     1255    -4     3     T
      536  0.1542488E+06  0.56275E+03    2     1257    -4     3     T
      537  0.1548115E+06  0.56275E+03    2     1259    -4     3     T
      538  0.1553743E+06  0.56275E+03    2     1261    -4     3     T
      539  0.1559370E+06  0.56275E+03    2     1263    -4     3     T
end
